Job 104 | Task: 2 1 LeLe scov | Runtime: 1 min (95 sec)
Job 105 | Task: 2 1 LpLp ncov | Runtime: 1 min (107 sec)
Job 107 | Task: 2 1 LpLp scov | Runtime: 1 min (107 sec)
Job 206 | Task: 4 2 LpLp scov | Runtime: 2 min (133 sec)
Job 195 | Task: 4 1 LpLp ncov | Runtime: 2 min (135 sec)
Job 188 | Task: 4 0 LpLp scov | Runtime: 2 min (139 sec)
Job 215 | Task: 4 3 LpLp scov | Runtime: 2 min (139 sec)
Job 186 | Task: 4 0 LpLp ncov | Runtime: 2 min (140 sec)
Job 204 | Task: 4 2 LpLp ncov | Runtime: 2 min (140 sec)
Job 246 | Task: 2 None LLLe ncov | Runtime: 2 min (140 sec)
Job 197 | Task: 4 1 LpLp scov | Runtime: 2 min (141 sec)
Job 213 | Task: 4 3 LpLp ncov | Runtime: 2 min (141 sec)
Job 252 | Task: 4 None LLLe ncov | Runtime: 2 min (141 sec)
Job 243 | Task: 1 None LLLe ncov | Runtime: 2 min (142 sec)
Job 185 | Task: 4 0 LeLe scov | Runtime: 2 min (144 sec)
Job 194 | Task: 4 1 LeLe scov | Runtime: 2 min (144 sec)
Job 249 | Task: 3 None LLLe ncov | Runtime: 2 min (148 sec)
Job 203 | Task: 4 2 LeLe scov | Runtime: 2 min (148 sec)
Job 240 | Task: 0 None LLLe ncov | Runtime: 2 min (148 sec)
Job 212 | Task: 4 3 LeLe scov | Runtime: 2 min (150 sec)
Job 247 | Task: 2 None LLLe ccov | Runtime: 2 min (152 sec)
Job 253 | Task: 4 None LLLe ccov | Runtime: 2 min (153 sec)
Job 241 | Task: 0 None LLLe ccov | Runtime: 2 min (154 sec)
Job 250 | Task: 3 None LLLe ccov | Runtime: 2 min (153 sec)
Job 114 | Task: 2 2 LpLp ncov | Runtime: 2 min (160 sec)
Job 24 | Task: 0 2 LpLp ncov | Runtime: 3 min (205 sec)
Job 15 | Task: 0 1 LpLp ncov | Runtime: 3 min (205 sec)
Job 33 | Task: 0 3 LpLp ncov | Runtime: 3 min (205 sec)
Job 35 | Task: 0 3 LpLp scov | Runtime: 3 min (205 sec)
Job 17 | Task: 0 1 LpLp scov | Runtime: 3 min (206 sec)
Job 14 | Task: 0 1 LeLe scov | Runtime: 3 min (209 sec)
Job 23 | Task: 0 2 LeLe scov | Runtime: 3 min (209 sec)
Job 32 | Task: 0 3 LeLe scov | Runtime: 3 min (210 sec)
Job 26 | Task: 0 2 LpLp scov | Runtime: 3 min (213 sec)
Job 244 | Task: 1 None LLLe ccov | Runtime: 3 min (199 sec)
Job 113 | Task: 2 2 LeLe scov | Runtime: 4 min (243 sec)
Job 100 | Task: 2 1 LpLe ccov | Runtime: 4 min (257 sec)
Job 132 | Task: 2 4 LpLp ncov | Runtime: 4 min (278 sec)
Job 140 | Task: 3 0 LeLe scov | Runtime: 4 min (281 sec)
Job 141 | Task: 3 0 LpLp ncov | Runtime: 4 min (286 sec)
Job 152 | Task: 3 1 LpLp scov | Runtime: 4 min (287 sec)
Job 161 | Task: 3 2 LpLp scov | Runtime: 4 min (288 sec)
Job 159 | Task: 3 2 LpLp ncov | Runtime: 4 min (289 sec)
Job 179 | Task: 3 4 LpLp scov | Runtime: 4 min (289 sec)
Job 143 | Task: 3 0 LpLp scov | Runtime: 4 min (290 sec)
Job 177 | Task: 3 4 LpLp ncov | Runtime: 4 min (291 sec)
Job 149 | Task: 3 1 LeLe scov | Runtime: 4 min (292 sec)
Job 134 | Task: 2 4 LpLp scov | Runtime: 4 min (292 sec)
Job 150 | Task: 3 1 LpLp ncov | Runtime: 4 min (293 sec)
Job 158 | Task: 3 2 LeLe scov | Runtime: 4 min (297 sec)
Job 131 | Task: 2 4 LeLe scov | Runtime: 4 min (297 sec)
Job 176 | Task: 3 4 LeLe scov | Runtime: 4 min (299 sec)
Job 137 | Task: 3 0 LpLe scov | Runtime: 5 min (320 sec)
Job 178 | Task: 3 4 LpLp ccov | Runtime: 5 min (328 sec)
Job 135 | Task: 3 0 LpLe ncov | Runtime: 5 min (330 sec)
Job 146 | Task: 3 1 LpLe scov | Runtime: 5 min (331 sec)
Job 155 | Task: 3 2 LpLe scov | Runtime: 5 min (334 sec)
Job 133 | Task: 2 4 LpLp ccov | Runtime: 5 min (337 sec)
Job 164 | Task: 3 3 LpLe scov | Runtime: 5 min (340 sec)
Job 160 | Task: 3 2 LpLp ccov | Runtime: 5 min (343 sec)
Job 154 | Task: 3 2 LpLe ccov | Runtime: 5 min (347 sec)
Job 171 | Task: 3 4 LpLe ncov | Runtime: 5 min (349 sec)
Job 173 | Task: 3 4 LpLe scov | Runtime: 5 min (352 sec)
Job 162 | Task: 3 3 LpLe ncov | Runtime: 6 min (360 sec)
Job 170 | Task: 3 3 LpLp scov | Runtime: 6 min (360 sec)
Job 168 | Task: 3 3 LpLp ncov | Runtime: 6 min (362 sec)
Job 153 | Task: 3 2 LpLe ncov | Runtime: 6 min (363 sec)
Job 180 | Task: 4 0 LpLe ncov | Runtime: 6 min (368 sec)
Job 78 | Task: 1 3 LpLp ncov | Runtime: 6 min (391 sec)
Job 151 | Task: 3 1 LpLp ccov | Runtime: 6 min (376 sec)
Job 53 | Task: 1 0 LpLp scov | Runtime: 6 min (393 sec)
Job 87 | Task: 1 4 LpLp ncov | Runtime: 6 min (395 sec)
Job 71 | Task: 1 2 LpLp scov | Runtime: 6 min (397 sec)
Job 69 | Task: 1 2 LpLp ncov | Runtime: 6 min (398 sec)
Job 136 | Task: 3 0 LpLe ccov | Runtime: 6 min (382 sec)
Job 42 | Task: 0 4 LpLp ncov | Runtime: 6 min (400 sec)
Job 41 | Task: 0 4 LeLe scov | Runtime: 6 min (401 sec)
Job 68 | Task: 1 2 LeLe scov | Runtime: 6 min (402 sec)
Job 77 | Task: 1 3 LeLe scov | Runtime: 6 min (408 sec)
Job 172 | Task: 3 4 LpLe ccov | Runtime: 6 min (391 sec)
Job 125 | Task: 2 3 LpLp scov | Runtime: 6 min (394 sec)
Job 86 | Task: 1 4 LeLe scov | Runtime: 6 min (410 sec)
Job 51 | Task: 1 0 LpLp ncov | Runtime: 6 min (411 sec)
Job 109 | Task: 2 2 LpLe ccov | Runtime: 6 min (395 sec)
Job 98 | Task: 2 0 LpLp scov | Runtime: 6 min (416 sec)
Job 80 | Task: 1 3 LpLp scov | Runtime: 6 min (417 sec)
Job 169 | Task: 3 3 LpLp ccov | Runtime: 6 min (403 sec)
Job 89 | Task: 1 4 LpLp scov | Runtime: 7 min (425 sec)
Job 123 | Task: 2 3 LpLp ncov | Runtime: 6 min (410 sec)
Job 96 | Task: 2 0 LpLp ncov | Runtime: 7 min (427 sec)
Job 50 | Task: 1 0 LeLe scov | Runtime: 7 min (428 sec)
Job 44 | Task: 0 4 LpLp scov | Runtime: 7 min (428 sec)
Job 95 | Task: 2 0 LeLe scov | Runtime: 7 min (429 sec)
Job 167 | Task: 3 3 LeLe scov | Runtime: 6 min (417 sec)
Job 142 | Task: 3 0 LpLp ccov | Runtime: 7 min (420 sec)
Job 122 | Task: 2 3 LeLe scov | Runtime: 7 min (443 sec)
Job 145 | Task: 3 1 LpLe ccov | Runtime: 7 min (457 sec)
Job 174 | Task: 3 4 LeLe ncov | Runtime: 8 min (498 sec)
Job 43 | Task: 0 4 LpLp ccov | Runtime: 8 min (530 sec)
Job 55 | Task: 1 1 LpLe ccov | Runtime: 9 min (552 sec)
Job 147 | Task: 3 1 LeLe ncov | Runtime: 9 min (565 sec)
Job 70 | Task: 1 2 LpLp ccov | Runtime: 9 min (582 sec)
Job 81 | Task: 1 4 LpLe ncov | Runtime: 9 min (582 sec)
Job 90 | Task: 2 0 LpLe ncov | Runtime: 9 min (589 sec)
Job 47 | Task: 1 0 LpLe scov | Runtime: 9 min (589 sec)
Job 79 | Task: 1 3 LpLp ccov | Runtime: 10 min (607 sec)
Job 56 | Task: 1 1 LpLe scov | Runtime: 10 min (614 sec)
Job 64 | Task: 1 2 LpLe ccov | Runtime: 10 min (636 sec)
Job 163 | Task: 3 3 LpLe ccov | Runtime: 10 min (633 sec)
Job 138 | Task: 3 0 LeLe ncov | Runtime: 10 min (659 sec)
Job 97 | Task: 2 0 LpLp ccov | Runtime: 11 min (676 sec)
Job 126 | Task: 2 4 LpLe ncov | Runtime: 10 min (659 sec)
Job 63 | Task: 1 2 LpLe ncov | Runtime: 11 min (676 sec)
Job 45 | Task: 1 0 LpLe ncov | Runtime: 11 min (676 sec)
Job 88 | Task: 1 4 LpLp ccov | Runtime: 11 min (686 sec)
Job 72 | Task: 1 3 LpLe ncov | Runtime: 11 min (698 sec)
Job 83 | Task: 1 4 LpLe scov | Runtime: 11 min (697 sec)
Job 118 | Task: 2 3 LpLe ccov | Runtime: 11 min (697 sec)
Job 226 | Task: 0 None LLLp ccov | Runtime: 12 min (723 sec)
Job 124 | Task: 2 3 LpLp ccov | Runtime: 12 min (735 sec)
Job 38 | Task: 0 4 LpLe scov | Runtime: 12 min (735 sec)
Job 92 | Task: 2 0 LpLe scov | Runtime: 12 min (752 sec)
Job 52 | Task: 1 0 LpLp ccov | Runtime: 12 min (761 sec)
Job 156 | Task: 3 2 LeLe ncov | Runtime: 12 min (748 sec)
Job 165 | Task: 3 3 LeLe ncov | Runtime: 13 min (788 sec)
Job 91 | Task: 2 0 LpLe ccov | Runtime: 13 min (812 sec)
Job 74 | Task: 1 3 LpLe scov | Runtime: 13 min (805 sec)
Job 117 | Task: 2 3 LpLe ncov | Runtime: 13 min (795 sec)
Job 181 | Task: 4 0 LpLe ccov | Runtime: 12 min (762 sec)
Job 187 | Task: 4 0 LpLp ccov | Runtime: 13 min (803 sec)
Job 60 | Task: 1 1 LpLp ncov | Runtime: 13 min (823 sec)
Job 62 | Task: 1 1 LpLp scov | Runtime: 13 min (824 sec)
Job 175 | Task: 3 4 LeLe ccov | Runtime: 13 min (813 sec)
Job 20 | Task: 0 2 LpLe scov | Runtime: 13 min (824 sec)
Job 108 | Task: 2 2 LpLe ncov | Runtime: 13 min (822 sec)
Job 116 | Task: 2 2 LpLp scov | Runtime: 13 min (821 sec)
Job 257 | Task: None None LLLL scov | Runtime: 13 min (837 sec)
Job 99 | Task: 2 1 LpLe ncov | Runtime: 14 min (867 sec)
Job 82 | Task: 1 4 LpLe ccov | Runtime: 14 min (862 sec)
Job 232 | Task: 2 None LLLp ccov | Runtime: 14 min (848 sec)
Job 18 | Task: 0 2 LpLe ncov | Runtime: 14 min (893 sec)
Job 36 | Task: 0 4 LpLe ncov | Runtime: 14 min (885 sec)
Job 110 | Task: 2 2 LpLe scov | Runtime: 14 min (895 sec)
Job 46 | Task: 1 0 LpLe ccov | Runtime: 15 min (903 sec)
Job 148 | Task: 3 1 LeLe ccov | Runtime: 15 min (912 sec)
Job 115 | Task: 2 2 LpLp ccov | Runtime: 15 min (922 sec)
Job 239 | Task: 4 None LLLp scov | Runtime: 15 min (927 sec)
Job 61 | Task: 1 1 LpLp ccov | Runtime: 16 min (960 sec)
Job 59 | Task: 1 1 LeLe scov | Runtime: 16 min (963 sec)
Job 196 | Task: 4 1 LpLp ccov | Runtime: 15 min (953 sec)
Job 205 | Task: 4 2 LpLp ccov | Runtime: 15 min (953 sec)
Job 101 | Task: 2 1 LpLe scov | Runtime: 16 min (982 sec)
Job 130 | Task: 2 4 LeLe ccov | Runtime: 16 min (1000 sec)
Job 129 | Task: 2 4 LeLe ncov | Runtime: 16 min (1000 sec)
Job 27 | Task: 0 3 LpLe ncov | Runtime: 17 min (1029 sec)
Job 127 | Task: 2 4 LpLe ccov | Runtime: 17 min (1028 sec)
Job 209 | Task: 4 3 LpLe scov | Runtime: 17 min (1045 sec)
Job 235 | Task: 3 None LLLp ccov | Runtime: 17 min (1025 sec)
Job 65 | Task: 1 2 LpLe scov | Runtime: 17 min (1071 sec)
Job 93 | Task: 2 0 LeLe ncov | Runtime: 18 min (1126 sec)
Job 214 | Task: 4 3 LpLp ccov | Runtime: 18 min (1109 sec)
Job 236 | Task: 3 None LLLp scov | Runtime: 18 min (1126 sec)
Job 37 | Task: 0 4 LpLe ccov | Runtime: 19 min (1163 sec)
Job 120 | Task: 2 3 LeLe ncov | Runtime: 19 min (1169 sec)
Job 48 | Task: 1 0 LeLe ncov | Runtime: 20 min (1220 sec)
Job 216 | Task: 4 4 LpLe ncov | Runtime: 20 min (1239 sec)
Job 234 | Task: 3 None LLLp ncov | Runtime: 20 min (1242 sec)
Job 106 | Task: 2 1 LpLp ccov | Runtime: 21 min (1274 sec)
Job 139 | Task: 3 0 LeLe ccov | Runtime: 21 min (1289 sec)
Job 75 | Task: 1 3 LeLe ncov | Runtime: 22 min (1322 sec)
Job 29 | Task: 0 3 LpLe scov | Runtime: 22 min (1325 sec)
Job 238 | Task: 4 None LLLp ccov | Runtime: 22 min (1336 sec)
Job 39 | Task: 0 4 LeLe ncov | Runtime: 23 min (1401 sec)
Job 199 | Task: 4 2 LpLe ccov | Runtime: 23 min (1384 sec)
Job 66 | Task: 1 2 LeLe ncov | Runtime: 24 min (1470 sec)
Job 230 | Task: 1 None LLLp scov | Runtime: 24 min (1443 sec)
Job 6 | Task: 0 0 LpLp ncov | Runtime: 25 min (1503 sec)
Job 11 | Task: 0 1 LpLe scov | Runtime: 25 min (1503 sec)
Job 57 | Task: 1 1 LeLe ncov | Runtime: 25 min (1522 sec)
Job 198 | Task: 4 2 LpLe ncov | Runtime: 25 min (1513 sec)
Job 237 | Task: 4 None LLLp ncov | Runtime: 26 min (1572 sec)
Job 157 | Task: 3 2 LeLe ccov | Runtime: 26 min (1589 sec)
Job 85 | Task: 1 4 LeLe ccov | Runtime: 26 min (1610 sec)
Job 94 | Task: 2 0 LeLe ccov | Runtime: 27 min (1622 sec)
Job 84 | Task: 1 4 LeLe ncov | Runtime: 27 min (1642 sec)
Job 19 | Task: 0 2 LpLe ccov | Runtime: 27 min (1649 sec)
Job 1 | Task: 0 0 LpLe ccov | Runtime: 27 min (1625 sec)
Job 8 | Task: 0 0 LpLp scov | Runtime: 27 min (1649 sec)
Job 218 | Task: 4 4 LpLe scov | Runtime: 27 min (1661 sec)
Job 102 | Task: 2 1 LeLe ncov | Runtime: 28 min (1681 sec)
Job 34 | Task: 0 3 LpLp ccov | Runtime: 28 min (1737 sec)
Job 49 | Task: 1 0 LeLe ccov | Runtime: 29 min (1760 sec)
Job 227 | Task: 0 None LLLp scov | Runtime: 29 min (1758 sec)
Job 182 | Task: 4 0 LpLe scov | Runtime: 29 min (1756 sec)
Job 10 | Task: 0 1 LpLe ccov | Runtime: 30 min (1825 sec)
Job 73 | Task: 1 3 LpLe ccov | Runtime: 31 min (1896 sec)
Job 228 | Task: 1 None LLLp ncov | Runtime: 32 min (1962 sec)
Job 217 | Task: 4 4 LpLe ccov | Runtime: 34 min (2046 sec)
Job 7 | Task: 0 0 LpLp ccov | Runtime: 34 min (2077 sec)
Job 229 | Task: 1 None LLLp ccov | Runtime: 34 min (2077 sec)
Job 5 | Task: 0 0 LeLe scov | Runtime: 35 min (2106 sec)
Job 76 | Task: 1 3 LeLe ccov | Runtime: 35 min (2115 sec)
Job 121 | Task: 2 3 LeLe ccov | Runtime: 36 min (2180 sec)
Job 12 | Task: 0 1 LeLe ncov | Runtime: 38 min (2310 sec)
Job 223 | Task: 4 4 LpLp ccov | Runtime: 38 min (2290 sec)
Job 190 | Task: 4 1 LpLe ccov | Runtime: 38 min (2315 sec)
Job 58 | Task: 1 1 LeLe ccov | Runtime: 39 min (2357 sec)
Job 3 | Task: 0 0 LeLe ncov | Runtime: 39 min (2383 sec)
Job 111 | Task: 2 2 LeLe ncov | Runtime: 40 min (2403 sec)
Job 231 | Task: 2 None LLLp ncov | Runtime: 40 min (2419 sec)
Job 30 | Task: 0 3 LeLe ncov | Runtime: 41 min (2464 sec)
Job 207 | Task: 4 3 LpLe ncov | Runtime: 40 min (2444 sec)
Job 192 | Task: 4 1 LeLe ncov | Runtime: 42 min (2574 sec)
Job 255 | Task: None None LLLL ncov | Runtime: 44 min (2693 sec)
Job 219 | Task: 4 4 LeLe ncov | Runtime: 44 min (2692 sec)
Job 40 | Task: 0 4 LeLe ccov | Runtime: 45 min (2742 sec)
Job 4 | Task: 0 0 LeLe ccov | Runtime: 45 min (2753 sec)
Job 201 | Task: 4 2 LeLe ncov | Runtime: 46 min (2769 sec)
Job 222 | Task: 4 4 LpLp ncov | Runtime: 46 min (2796 sec)
Job 221 | Task: 4 4 LeLe scov | Runtime: 46 min (2806 sec)
Job 224 | Task: 4 4 LpLp scov | Runtime: 47 min (2838 sec)
Job 112 | Task: 2 2 LeLe ccov | Runtime: 49 min (2946 sec)
Job 242 | Task: 0 None LLLe scov | Runtime: 50 min (3020 sec)
Job 210 | Task: 4 3 LeLe ncov | Runtime: 50 min (3059 sec)
Job 256 | Task: None None LLLL ccov | Runtime: 57 min (3430 sec)
Job 21 | Task: 0 2 LeLe ncov | Runtime: 57 min (3454 sec)
Job 220 | Task: 4 4 LeLe ccov | Runtime: 58 min (3492 sec)
Job 166 | Task: 3 3 LeLe ccov | Runtime: 58 min (3519 sec)
Job 184 | Task: 4 0 LeLe ccov | Runtime: 68 min (4103 sec)
Job 254 | Task: 4 None LLLe scov | Runtime: 72 min (4361 sec)
Job 183 | Task: 4 0 LeLe ncov | Runtime: 76 min (4579 sec)
Job 31 | Task: 0 3 LeLe ccov | Runtime: 76 min (4598 sec)
Job 13 | Task: 0 1 LeLe ccov | Runtime: 78 min (4734 sec)
Job 189 | Task: 4 1 LpLe ncov | Runtime: 79 min (4764 sec)
Job 202 | Task: 4 2 LeLe ccov | Runtime: 80 min (4811 sec)
Job 2 | Task: 0 0 LpLe scov | Runtime: 82 min (4956 sec)
Job 193 | Task: 4 1 LeLe ccov | Runtime: 85 min (5154 sec)
Job 22 | Task: 0 2 LeLe ccov | Runtime: 86 min (5219 sec)
Job 103 | Task: 2 1 LeLe ccov | Runtime: 90 min (5439 sec)
Job 211 | Task: 4 3 LeLe ccov | Runtime: 96 min (5779 sec)
Job 251 | Task: 3 None LLLe scov | Runtime: 107 min (6432 sec)
Job 67 | Task: 1 2 LeLe ccov | Runtime: 110 min (6611 sec)
Job 16 | Task: 0 1 LpLp ccov | Runtime: 110 min (6642 sec)
Job 248 | Task: 2 None LLLe scov | Runtime: 115 min (6907 sec)
Job 144 | Task: 3 1 LpLe ncov | Runtime: 132 min (7931 sec)
Job 54 | Task: 1 1 LpLe ncov | Runtime: 158 min (9517 sec)
Job 28 | Task: 0 3 LpLe ccov | Runtime: 160 min (9650 sec)
Job 245 | Task: 1 None LLLe scov | Runtime: 197 min (11867 sec)
Job 208 | Task: 4 3 LpLe ccov | Runtime: 212 min (12727 sec)
Job 0 | Task: 0 0 LpLe ncov | Runtime: 235 min (14133 sec)
Job 233 | Task: 2 None LLLp scov | Runtime: 304 min (18256 sec)
Job 225 | Task: 0 None LLLp ncov | Runtime: 309 min (18558 sec)
Job 25 | Task: 0 2 LpLp ccov | Runtime: 339 min (20344 sec)
Job 9 | Task: 0 1 LpLe ncov | Runtime: 341 min (20504 sec)
Job 128 | Task: 2 4 LpLe scov | Runtime: 368 min (22101 sec)
Job 119 | Task: 2 3 LpLe scov | Runtime: 414 min (24893 sec)
Job 191 | Task: 4 1 LpLe scov | Runtime: 657 min (39438 sec)
Job 200 | Task: 4 2 LpLe scov | Runtime: 657 min (39479 sec)
