Job 100 | Task: 1 2 LELE ncov | Runtime: 0 min (45 sec)
Job 94 | Task: 0 1 LELE ncov | Runtime: 1 min (69 sec)
Job 145 | Task: 1 5 LPLP ncov | Runtime: 0 min (55 sec)
Job 140 | Task: 0 5 LPLP ncov | Runtime: 0 min (56 sec)
Job 5 | Task: 0 5 LELP ccov | Runtime: 1 min (75 sec)
Job 95 | Task: 0 2 LELE ncov | Runtime: 1 min (77 sec)
Job 134 | Task: 5 5 LPLP ccov | Runtime: 1 min (61 sec)
Job 93 | Task: 0 0 LELE ncov | Runtime: 1 min (80 sec)
Job 99 | Task: 1 1 LELE ncov | Runtime: 1 min (80 sec)
Job 155 | Task: 5 5 LPLP ncov | Runtime: 1 min (76 sec)
Job 167 | Task: 5 LLLP ncov | Runtime: 1 min (79 sec)
Job 154 | Task: 4 5 LPLP ncov | Runtime: 1 min (80 sec)
Job 149 | Task: 2 5 LPLP ncov | Runtime: 1 min (82 sec)
Job 152 | Task: 3 5 LPLP ncov | Runtime: 1 min (83 sec)
Job 96 | Task: 0 3 LELE ncov | Runtime: 1 min (112 sec)
Job 139 | Task: 0 4 LPLP ncov | Runtime: 1 min (94 sec)
Job 144 | Task: 1 4 LPLP ncov | Runtime: 1 min (95 sec)
Job 37 | Task: 0 1 LELP ncov | Runtime: 1 min (116 sec)
Job 39 | Task: 0 3 LELP ncov | Runtime: 2 min (127 sec)
Job 41 | Task: 0 5 LELP ncov | Runtime: 2 min (133 sec)
Job 97 | Task: 0 4 LELE ncov | Runtime: 2 min (137 sec)
Job 148 | Task: 2 4 LPLP ncov | Runtime: 2 min (124 sec)
Job 151 | Task: 3 4 LPLP ncov | Runtime: 2 min (129 sec)
Job 133 | Task: 4 5 LPLP ccov | Runtime: 2 min (132 sec)
Job 153 | Task: 4 4 LPLP ncov | Runtime: 2 min (133 sec)
Job 142 | Task: 1 2 LPLP ncov | Runtime: 2 min (139 sec)
Job 137 | Task: 0 2 LPLP ncov | Runtime: 2 min (140 sec)
Job 11 | Task: 1 5 LELP ccov | Runtime: 2 min (160 sec)
Job 169 | Task: 0 LLLE ncov | Runtime: 2 min (142 sec)
Job 136 | Task: 0 1 LPLP ncov | Runtime: 2 min (144 sec)
Job 138 | Task: 0 3 LPLP ncov | Runtime: 2 min (144 sec)
Job 101 | Task: 1 3 LELE ncov | Runtime: 2 min (146 sec)
Job 171 | Task: 1 LLLE ncov | Runtime: 2 min (147 sec)
Job 165 | Task: 4 LLLP ncov | Runtime: 2 min (148 sec)
Job 143 | Task: 1 3 LPLP ncov | Runtime: 2 min (151 sec)
Job 42 | Task: 1 0 LELP ncov | Runtime: 2 min (172 sec)
Job 40 | Task: 0 4 LELP ncov | Runtime: 2 min (173 sec)
Job 44 | Task: 1 2 LELP ncov | Runtime: 2 min (174 sec)
Job 47 | Task: 1 5 LELP ncov | Runtime: 2 min (175 sec)
Job 38 | Task: 0 2 LELP ncov | Runtime: 2 min (177 sec)
Job 102 | Task: 1 4 LELE ncov | Runtime: 2 min (160 sec)
Job 45 | Task: 1 3 LELP ncov | Runtime: 2 min (178 sec)
Job 36 | Task: 0 0 LELP ncov | Runtime: 2 min (178 sec)
Job 43 | Task: 1 1 LELP ncov | Runtime: 2 min (179 sec)
Job 59 | Task: 3 5 LELP ncov | Runtime: 3 min (193 sec)
Job 147 | Task: 2 3 LPLP ncov | Runtime: 2 min (177 sec)
Job 104 | Task: 2 2 LELE ncov | Runtime: 3 min (190 sec)
Job 105 | Task: 2 3 LELE ncov | Runtime: 3 min (193 sec)
Job 17 | Task: 2 5 LELP ccov | Runtime: 3 min (224 sec)
Job 53 | Task: 2 5 LELP ncov | Runtime: 3 min (226 sec)
Job 50 | Task: 2 2 LELP ncov | Runtime: 3 min (228 sec)
Job 65 | Task: 4 5 LELP ncov | Runtime: 3 min (230 sec)
Job 46 | Task: 1 4 LELP ncov | Runtime: 3 min (233 sec)
Job 49 | Task: 2 1 LELP ncov | Runtime: 3 min (237 sec)
Job 52 | Task: 2 4 LELP ncov | Runtime: 3 min (237 sec)
Job 51 | Task: 2 3 LELP ncov | Runtime: 3 min (239 sec)
Job 71 | Task: 5 5 LELP ncov | Runtime: 4 min (241 sec)
Job 98 | Task: 0 5 LELE ncov | Runtime: 4 min (251 sec)
Job 58 | Task: 3 4 LELP ncov | Runtime: 4 min (260 sec)
Job 48 | Task: 2 0 LELP ncov | Runtime: 4 min (265 sec)
Job 131 | Task: 3 5 LPLP ccov | Runtime: 4 min (250 sec)
Job 173 | Task: 2 LLLE ncov | Runtime: 4 min (254 sec)
Job 106 | Task: 2 4 LELE ncov | Runtime: 4 min (257 sec)
Job 103 | Task: 1 5 LELE ncov | Runtime: 4 min (258 sec)
Job 157 | Task: 0 LLLP ncov | Runtime: 4 min (260 sec)
Job 56 | Task: 3 2 LELP ncov | Runtime: 4 min (278 sec)
Job 54 | Task: 3 0 LELP ncov | Runtime: 4 min (280 sec)
Job 55 | Task: 3 1 LELP ncov | Runtime: 4 min (282 sec)
Job 161 | Task: 2 LLLP ncov | Runtime: 4 min (265 sec)
Job 119 | Task: 0 5 LPLP ccov | Runtime: 4 min (267 sec)
Job 64 | Task: 4 4 LELP ncov | Runtime: 4 min (284 sec)
Job 163 | Task: 3 LLLP ncov | Runtime: 4 min (268 sec)
Job 159 | Task: 1 LLLP ncov | Runtime: 4 min (269 sec)
Job 124 | Task: 1 5 LPLP ccov | Runtime: 4 min (274 sec)
Job 135 | Task: 0 0 LPLP ncov | Runtime: 4 min (285 sec)
Job 166 | Task: 5 LLLP ccov | Runtime: 4 min (290 sec)
Job 57 | Task: 3 3 LELP ncov | Runtime: 5 min (313 sec)
Job 60 | Task: 4 0 LELP ncov | Runtime: 5 min (315 sec)
Job 128 | Task: 2 5 LPLP ccov | Runtime: 5 min (301 sec)
Job 141 | Task: 1 1 LPLP ncov | Runtime: 5 min (302 sec)
Job 61 | Task: 4 1 LELP ncov | Runtime: 5 min (322 sec)
Job 62 | Task: 4 2 LELP ncov | Runtime: 5 min (343 sec)
Job 63 | Task: 4 3 LELP ncov | Runtime: 5 min (346 sec)
Job 23 | Task: 3 5 LELP ccov | Runtime: 5 min (349 sec)
Job 4 | Task: 0 4 LELP ccov | Runtime: 5 min (350 sec)
Job 150 | Task: 3 3 LPLP ncov | Runtime: 5 min (340 sec)
Job 146 | Task: 2 2 LPLP ncov | Runtime: 5 min (348 sec)
Job 70 | Task: 5 4 LELP ncov | Runtime: 6 min (365 sec)
Job 29 | Task: 4 5 LELP ccov | Runtime: 6 min (411 sec)
Job 72 | Task: 0 0 LELE ccov | Runtime: 6 min (417 sec)
Job 78 | Task: 1 1 LELE ccov | Runtime: 7 min (427 sec)
Job 73 | Task: 0 1 LELE ccov | Runtime: 7 min (427 sec)
Job 109 | Task: 3 4 LELE ncov | Runtime: 7 min (441 sec)
Job 175 | Task: 3 LLLE ncov | Runtime: 7 min (442 sec)
Job 68 | Task: 5 2 LELP ncov | Runtime: 7 min (477 sec)
Job 69 | Task: 5 3 LELP ncov | Runtime: 8 min (482 sec)
Job 67 | Task: 5 1 LELP ncov | Runtime: 8 min (489 sec)
Job 66 | Task: 5 0 LELP ncov | Runtime: 8 min (497 sec)
Job 10 | Task: 1 4 LELP ccov | Runtime: 8 min (502 sec)
Job 107 | Task: 2 5 LELE ncov | Runtime: 8 min (526 sec)
Job 108 | Task: 3 3 LELE ncov | Runtime: 9 min (576 sec)
Job 181 | Task: LLLL ncov | Runtime: 10 min (636 sec)
Job 0 | Task: 0 0 LELP ccov | Runtime: 11 min (660 sec)
Job 177 | Task: 4 LLLE ncov | Runtime: 11 min (663 sec)
Job 1 | Task: 0 1 LELP ccov | Runtime: 11 min (688 sec)
Job 3 | Task: 0 3 LELP ccov | Runtime: 11 min (698 sec)
Job 2 | Task: 0 2 LELP ccov | Runtime: 11 min (702 sec)
Job 74 | Task: 0 2 LELE ccov | Runtime: 12 min (721 sec)
Job 79 | Task: 1 2 LELE ccov | Runtime: 12 min (723 sec)
Job 6 | Task: 1 0 LELP ccov | Runtime: 14 min (856 sec)
Job 35 | Task: 5 5 LELP ccov | Runtime: 14 min (858 sec)
Job 132 | Task: 4 4 LPLP ccov | Runtime: 14 min (870 sec)
Job 7 | Task: 1 1 LELP ccov | Runtime: 15 min (900 sec)
Job 8 | Task: 1 2 LELP ccov | Runtime: 15 min (906 sec)
Job 9 | Task: 1 3 LELP ccov | Runtime: 15 min (913 sec)
Job 110 | Task: 3 5 LELE ncov | Runtime: 16 min (1012 sec)
Job 16 | Task: 2 4 LELP ccov | Runtime: 17 min (1044 sec)
Job 111 | Task: 4 4 LELE ncov | Runtime: 19 min (1174 sec)
Job 75 | Task: 0 3 LELE ccov | Runtime: 19 min (1199 sec)
Job 80 | Task: 1 3 LELE ccov | Runtime: 20 min (1200 sec)
Job 168 | Task: 0 LLLE ccov | Runtime: 20 min (1214 sec)
Job 170 | Task: 1 LLLE ccov | Runtime: 20 min (1220 sec)
Job 83 | Task: 2 2 LELE ccov | Runtime: 23 min (1430 sec)
Job 179 | Task: 5 LLLE ncov | Runtime: 23 min (1417 sec)
Job 112 | Task: 4 5 LELE ncov | Runtime: 24 min (1446 sec)
Job 118 | Task: 0 4 LPLP ccov | Runtime: 24 min (1458 sec)
Job 76 | Task: 0 4 LELE ccov | Runtime: 27 min (1642 sec)
Job 130 | Task: 3 4 LPLP ccov | Runtime: 27 min (1632 sec)
Job 81 | Task: 1 4 LELE ccov | Runtime: 27 min (1655 sec)
Job 127 | Task: 2 4 LPLP ccov | Runtime: 27 min (1673 sec)
Job 123 | Task: 1 4 LPLP ccov | Runtime: 27 min (1678 sec)
Job 164 | Task: 4 LLLP ccov | Runtime: 31 min (1895 sec)
Job 22 | Task: 3 4 LELP ccov | Runtime: 32 min (1939 sec)
Job 12 | Task: 2 0 LELP ccov | Runtime: 32 min (1949 sec)
Job 13 | Task: 2 1 LELP ccov | Runtime: 34 min (2066 sec)
Job 15 | Task: 2 3 LELP ccov | Runtime: 34 min (2072 sec)
Job 14 | Task: 2 2 LELP ccov | Runtime: 34 min (2094 sec)
Job 28 | Task: 4 4 LELP ccov | Runtime: 43 min (2616 sec)
Job 114 | Task: 0 0 LPLP ccov | Runtime: 45 min (2747 sec)
Job 116 | Task: 0 2 LPLP ccov | Runtime: 48 min (2900 sec)
Job 172 | Task: 2 LLLE ccov | Runtime: 48 min (2928 sec)
Job 115 | Task: 0 1 LPLP ccov | Runtime: 50 min (3003 sec)
Job 117 | Task: 0 3 LPLP ccov | Runtime: 50 min (3015 sec)
Job 121 | Task: 1 2 LPLP ccov | Runtime: 54 min (3246 sec)
Job 126 | Task: 2 3 LPLP ccov | Runtime: 54 min (3256 sec)
Job 129 | Task: 3 3 LPLP ccov | Runtime: 54 min (3276 sec)
Job 122 | Task: 1 3 LPLP ccov | Runtime: 54 min (3285 sec)
Job 125 | Task: 2 2 LPLP ccov | Runtime: 54 min (3288 sec)
Job 120 | Task: 1 1 LPLP ccov | Runtime: 55 min (3336 sec)
Job 84 | Task: 2 3 LELE ccov | Runtime: 56 min (3382 sec)
Job 77 | Task: 0 5 LELE ccov | Runtime: 59 min (3562 sec)
Job 82 | Task: 1 5 LELE ccov | Runtime: 59 min (3572 sec)
Job 18 | Task: 3 0 LELP ccov | Runtime: 61 min (3719 sec)
Job 156 | Task: 0 LLLP ccov | Runtime: 62 min (3758 sec)
Job 21 | Task: 3 3 LELP ccov | Runtime: 65 min (3911 sec)
Job 20 | Task: 3 2 LELP ccov | Runtime: 65 min (3926 sec)
Job 19 | Task: 3 1 LELP ccov | Runtime: 65 min (3931 sec)
Job 162 | Task: 3 LLLP ccov | Runtime: 66 min (3976 sec)
Job 158 | Task: 1 LLLP ccov | Runtime: 66 min (3995 sec)
Job 160 | Task: 2 LLLP ccov | Runtime: 67 min (4071 sec)
Job 85 | Task: 2 4 LELE ccov | Runtime: 84 min (5045 sec)
Job 26 | Task: 4 2 LELP ccov | Runtime: 85 min (5102 sec)
Job 25 | Task: 4 1 LELP ccov | Runtime: 85 min (5103 sec)
Job 27 | Task: 4 3 LELP ccov | Runtime: 85 min (5106 sec)
Job 24 | Task: 4 0 LELP ccov | Runtime: 89 min (5368 sec)
Job 34 | Task: 5 4 LELP ccov | Runtime: 94 min (5697 sec)
Job 174 | Task: 3 LLLE ccov | Runtime: 96 min (5805 sec)
Job 113 | Task: 5 5 LELE ncov | Runtime: 102 min (6150 sec)
Job 87 | Task: 3 3 LELE ccov | Runtime: 110 min (6656 sec)
Job 180 | Task: LLLL ccov | Runtime: 144 min (8677 sec)
Job 176 | Task: 4 LLLE ccov | Runtime: 144 min (8678 sec)
Job 88 | Task: 3 4 LELE ccov | Runtime: 166 min (10016 sec)
Job 30 | Task: 5 0 LELP ccov | Runtime: 173 min (10437 sec)
Job 33 | Task: 5 3 LELP ccov | Runtime: 183 min (11011 sec)
Job 32 | Task: 5 2 LELP ccov | Runtime: 184 min (11046 sec)
Job 31 | Task: 5 1 LELP ccov | Runtime: 184 min (11059 sec)
Job 86 | Task: 2 5 LELE ccov | Runtime: 199 min (11945 sec)
Job 90 | Task: 4 4 LELE ccov | Runtime: 249 min (14947 sec)
Job 178 | Task: 5 LLLE ccov | Runtime: 347 min (20842 sec)
Job 89 | Task: 3 5 LELE ccov | Runtime: 398 min (23912 sec)
Job 91 | Task: 4 5 LELE ccov | Runtime: 597 min (35845 sec)
Job 92 | Task: 5 5 LELE ccov | Runtime: 1427 min (85678 sec)
