Job 78 | Task: 1 3 LpLp ncov | Runtime: 0 min (43 sec)
Job 42 | Task: 0 4 LpLp ncov | Runtime: 1 min (62 sec)
Job 69 | Task: 1 2 LpLp ncov | Runtime: 1 min (63 sec)
Job 51 | Task: 1 0 LpLp ncov | Runtime: 1 min (71 sec)
Job 186 | Task: 4 0 LpLp ncov | Runtime: 1 min (65 sec)
Job 204 | Task: 4 2 LpLp ncov | Runtime: 1 min (65 sec)
Job 33 | Task: 0 3 LpLp ncov | Runtime: 1 min (72 sec)
Job 159 | Task: 3 2 LpLp ncov | Runtime: 1 min (67 sec)
Job 150 | Task: 3 1 LpLp ncov | Runtime: 1 min (70 sec)
Job 213 | Task: 4 3 LpLp ncov | Runtime: 1 min (70 sec)
Job 195 | Task: 4 1 LpLp ncov | Runtime: 1 min (71 sec)
Job 177 | Task: 3 4 LpLp ncov | Runtime: 1 min (73 sec)
Job 80 | Task: 1 3 LpLp scov | Runtime: 1 min (107 sec)
Job 71 | Task: 1 2 LpLp scov | Runtime: 1 min (108 sec)
Job 24 | Task: 0 2 LpLp ncov | Runtime: 1 min (108 sec)
Job 15 | Task: 0 1 LpLp ncov | Runtime: 1 min (111 sec)
Job 44 | Task: 0 4 LpLp scov | Runtime: 1 min (113 sec)
Job 53 | Task: 1 0 LpLp scov | Runtime: 1 min (114 sec)
Job 179 | Task: 3 4 LpLp scov | Runtime: 1 min (110 sec)
Job 215 | Task: 4 3 LpLp scov | Runtime: 1 min (111 sec)
Job 35 | Task: 0 3 LpLp scov | Runtime: 2 min (120 sec)
Job 197 | Task: 4 1 LpLp scov | Runtime: 1 min (115 sec)
Job 188 | Task: 4 0 LpLp scov | Runtime: 1 min (117 sec)
Job 152 | Task: 3 1 LpLp scov | Runtime: 1 min (118 sec)
Job 161 | Task: 3 2 LpLp scov | Runtime: 1 min (118 sec)
Job 206 | Task: 4 2 LpLp scov | Runtime: 1 min (118 sec)
Job 123 | Task: 2 3 LpLp ncov | Runtime: 2 min (147 sec)
Job 26 | Task: 0 2 LpLp scov | Runtime: 2 min (154 sec)
Job 17 | Task: 0 1 LpLp scov | Runtime: 2 min (156 sec)
Job 141 | Task: 3 0 LpLp ncov | Runtime: 2 min (156 sec)
Job 132 | Task: 2 4 LpLp ncov | Runtime: 2 min (158 sec)
Job 125 | Task: 2 3 LpLp scov | Runtime: 2 min (164 sec)
Job 96 | Task: 2 0 LpLp ncov | Runtime: 2 min (172 sec)
Job 134 | Task: 2 4 LpLp scov | Runtime: 2 min (178 sec)
Job 143 | Task: 3 0 LpLp scov | Runtime: 2 min (178 sec)
Job 87 | Task: 1 4 LpLp ncov | Runtime: 3 min (211 sec)
Job 105 | Task: 2 1 LpLp ncov | Runtime: 3 min (213 sec)
Job 98 | Task: 2 0 LpLp scov | Runtime: 3 min (237 sec)
Job 107 | Task: 2 1 LpLp scov | Runtime: 4 min (247 sec)
Job 89 | Task: 1 4 LpLp scov | Runtime: 4 min (255 sec)
Job 252 | Task: 4 None LLLe ncov | Runtime: 4 min (256 sec)
Job 246 | Task: 2 None LLLe ncov | Runtime: 4 min (277 sec)
Job 249 | Task: 3 None LLLe ncov | Runtime: 4 min (277 sec)
Job 131 | Task: 2 4 LeLe scov | Runtime: 5 min (359 sec)
Job 140 | Task: 3 0 LeLe scov | Runtime: 6 min (360 sec)
Job 122 | Task: 2 3 LeLe scov | Runtime: 6 min (368 sec)
Job 243 | Task: 1 None LLLe ncov | Runtime: 5 min (326 sec)
Job 68 | Task: 1 2 LeLe scov | Runtime: 6 min (400 sec)
Job 77 | Task: 1 3 LeLe scov | Runtime: 6 min (404 sec)
Job 50 | Task: 1 0 LeLe scov | Runtime: 6 min (414 sec)
Job 14 | Task: 0 1 LeLe scov | Runtime: 6 min (417 sec)
Job 149 | Task: 3 1 LeLe scov | Runtime: 6 min (413 sec)
Job 194 | Task: 4 1 LeLe scov | Runtime: 6 min (414 sec)
Job 185 | Task: 4 0 LeLe scov | Runtime: 6 min (415 sec)
Job 41 | Task: 0 4 LeLe scov | Runtime: 7 min (423 sec)
Job 32 | Task: 0 3 LeLe scov | Runtime: 7 min (423 sec)
Job 158 | Task: 3 2 LeLe scov | Runtime: 6 min (419 sec)
Job 23 | Task: 0 2 LeLe scov | Runtime: 7 min (428 sec)
Job 203 | Task: 4 2 LeLe scov | Runtime: 7 min (426 sec)
Job 176 | Task: 3 4 LeLe scov | Runtime: 7 min (467 sec)
Job 212 | Task: 4 3 LeLe scov | Runtime: 8 min (482 sec)
Job 240 | Task: 0 None LLLe ncov | Runtime: 8 min (484 sec)
Job 95 | Task: 2 0 LeLe scov | Runtime: 8 min (502 sec)
Job 86 | Task: 1 4 LeLe scov | Runtime: 8 min (503 sec)
Job 104 | Task: 2 1 LeLe scov | Runtime: 8 min (529 sec)
Job 241 | Task: 0 None LLLe ccov | Runtime: 23 min (1405 sec)
Job 244 | Task: 1 None LLLe ccov | Runtime: 23 min (1393 sec)
Job 247 | Task: 2 None LLLe ccov | Runtime: 23 min (1395 sec)
Job 250 | Task: 3 None LLLe ccov | Runtime: 23 min (1397 sec)
Job 253 | Task: 4 None LLLe ccov | Runtime: 23 min (1409 sec)
Job 6 | Task: 0 0 LpLp ncov | Runtime: 77 min (4620 sec)
Job 8 | Task: 0 0 LpLp scov | Runtime: 79 min (4772 sec)
Job 114 | Task: 2 2 LpLp ncov | Runtime: 80 min (4808 sec)
Job 60 | Task: 1 1 LpLp ncov | Runtime: 82 min (4976 sec)
Job 168 | Task: 3 3 LpLp ncov | Runtime: 83 min (4999 sec)
Job 222 | Task: 4 4 LpLp ncov | Runtime: 84 min (5046 sec)
Job 116 | Task: 2 2 LpLp scov | Runtime: 85 min (5134 sec)
Job 170 | Task: 3 3 LpLp scov | Runtime: 86 min (5182 sec)
Job 62 | Task: 1 1 LpLp scov | Runtime: 86 min (5198 sec)
Job 224 | Task: 4 4 LpLp scov | Runtime: 87 min (5231 sec)
Job 5 | Task: 0 0 LeLe scov | Runtime: 194 min (11660 sec)
Job 113 | Task: 2 2 LeLe scov | Runtime: 199 min (11983 sec)
Job 59 | Task: 1 1 LeLe scov | Runtime: 214 min (12840 sec)
Job 167 | Task: 3 3 LeLe scov | Runtime: 214 min (12879 sec)
Job 221 | Task: 4 4 LeLe scov | Runtime: 219 min (13190 sec)
Job 84 | Task: 1 4 LeLe ncov | Runtime: 321 min (19300 sec)
Job 102 | Task: 2 1 LeLe ncov | Runtime: 336 min (20215 sec)
Job 255 | Task: None None LLLL ncov | Runtime: 409 min (24545 sec)
Job 156 | Task: 3 2 LeLe ncov | Runtime: 480 min (28847 sec)
Job 66 | Task: 1 2 LeLe ncov | Runtime: 527 min (31639 sec)
Job 174 | Task: 3 4 LeLe ncov | Runtime: 533 min (32003 sec)
Job 111 | Task: 2 2 LeLe ncov | Runtime: 563 min (33821 sec)
Job 120 | Task: 2 3 LeLe ncov | Runtime: 578 min (34723 sec)
Job 257 | Task: None None LLLL scov | Runtime: 577 min (34621 sec)
Job 93 | Task: 2 0 LeLe ncov | Runtime: 584 min (35067 sec)
Job 12 | Task: 0 1 LeLe ncov | Runtime: 608 min (36484 sec)
Job 138 | Task: 3 0 LeLe ncov | Runtime: 612 min (36777 sec)
Job 21 | Task: 0 2 LeLe ncov | Runtime: 615 min (36952 sec)
Job 129 | Task: 2 4 LeLe ncov | Runtime: 627 min (37678 sec)
Job 183 | Task: 4 0 LeLe ncov | Runtime: 690 min (41408 sec)
Job 75 | Task: 1 3 LeLe ncov | Runtime: 693 min (41626 sec)
Job 30 | Task: 0 3 LeLe ncov | Runtime: 708 min (42501 sec)
Job 165 | Task: 3 3 LeLe ncov | Runtime: 743 min (44582 sec)
Job 192 | Task: 4 1 LeLe ncov | Runtime: 779 min (46769 sec)
Job 201 | Task: 4 2 LeLe ncov | Runtime: 802 min (48148 sec)
Job 210 | Task: 4 3 LeLe ncov | Runtime: 880 min (52856 sec)
Job 3 | Task: 0 0 LeLe ncov | Runtime: 892 min (53536 sec)
Job 39 | Task: 0 4 LeLe ncov | Runtime: 912 min (54768 sec)
Job 48 | Task: 1 0 LeLe ncov | Runtime: 1081 min (64880 sec)
Job 219 | Task: 4 4 LeLe ncov | Runtime: 1115 min (66927 sec)
Job 254 | Task: 4 None LLLe scov | Runtime: 1140 min (68456 sec)
Job 147 | Task: 3 1 LeLe ncov | Runtime: 1156 min (69410 sec)
Job 57 | Task: 1 1 LeLe ncov | Runtime: 1407 min (84457 sec)
Job 242 | Task: 0 None LLLe scov | Runtime: 1686 min (101191 sec)
Job 245 | Task: 1 None LLLe scov | Runtime: 1992 min (119561 sec)
Job 248 | Task: 2 None LLLe scov | Runtime: 2328 min (139710 sec)
Job 251 | Task: 3 None LLLe scov | Runtime: 2621 min (157285 sec)
Job 112 | Task: 2 2 LeLe ccov | Runtime: 4402 min (264149 sec)
Job 103 | Task: 2 1 LeLe ccov | Runtime: 4442 min (266521 sec)
Job 85 | Task: 1 4 LeLe ccov | Runtime: 4445 min (266734 sec)
Job 256 | Task: None None LLLL ccov | Runtime: 4495 min (269706 sec)
Job 121 | Task: 2 3 LeLe ccov | Runtime: 4894 min (293669 sec)
