Job 247 | Task: 2 None LLLe ccov | Runtime: 0 min (57 sec)
Job 250 | Task: 3 None LLLe ccov | Runtime: 0 min (57 sec)
Job 253 | Task: 4 None LLLe ccov | Runtime: 0 min (58 sec)
Job 244 | Task: 1 None LLLe ccov | Runtime: 0 min (59 sec)
Job 246 | Task: 2 None LLLe ncov | Runtime: 0 min (59 sec)
Job 252 | Task: 4 None LLLe ncov | Runtime: 0 min (59 sec)
Job 249 | Task: 3 None LLLe ncov | Runtime: 0 min (59 sec)
Job 243 | Task: 1 None LLLe ncov | Runtime: 1 min (60 sec)
Job 255 | Task: None None LLLL ncov | Runtime: 2 min (125 sec)
Job 179 | Task: 3 4 LpLp scov | Runtime: 2 min (130 sec)
Job 197 | Task: 4 1 LpLp scov | Runtime: 2 min (130 sec)
Job 212 | Task: 4 3 LeLe scov | Runtime: 2 min (132 sec)
Job 194 | Task: 4 1 LeLe scov | Runtime: 2 min (133 sec)
Job 213 | Task: 4 3 LpLp ncov | Runtime: 2 min (133 sec)
Job 241 | Task: 0 None LLLe ccov | Runtime: 2 min (134 sec)
Job 186 | Task: 4 0 LpLp ncov | Runtime: 2 min (134 sec)
Job 195 | Task: 4 1 LpLp ncov | Runtime: 2 min (134 sec)
Job 176 | Task: 3 4 LeLe scov | Runtime: 2 min (134 sec)
Job 170 | Task: 3 3 LpLp scov | Runtime: 2 min (135 sec)
Job 204 | Task: 4 2 LpLp ncov | Runtime: 2 min (135 sec)
Job 177 | Task: 3 4 LpLp ncov | Runtime: 2 min (136 sec)
Job 224 | Task: 4 4 LpLp scov | Runtime: 2 min (136 sec)
Job 215 | Task: 4 3 LpLp scov | Runtime: 2 min (137 sec)
Job 185 | Task: 4 0 LeLe scov | Runtime: 2 min (137 sec)
Job 206 | Task: 4 2 LpLp scov | Runtime: 2 min (137 sec)
Job 188 | Task: 4 0 LpLp scov | Runtime: 2 min (138 sec)
Job 222 | Task: 4 4 LpLp ncov | Runtime: 2 min (139 sec)
Job 168 | Task: 3 3 LpLp ncov | Runtime: 2 min (140 sec)
Job 203 | Task: 4 2 LeLe scov | Runtime: 2 min (140 sec)
Job 240 | Task: 0 None LLLe ncov | Runtime: 2 min (141 sec)
Job 167 | Task: 3 3 LeLe scov | Runtime: 2 min (142 sec)
Job 221 | Task: 4 4 LeLe scov | Runtime: 2 min (143 sec)
Job 257 | Task: None None LLLL scov | Runtime: 2 min (177 sec)
Job 33 | Task: 0 3 LpLp ncov | Runtime: 3 min (202 sec)
Job 35 | Task: 0 3 LpLp scov | Runtime: 3 min (204 sec)
Job 14 | Task: 0 1 LeLe scov | Runtime: 3 min (206 sec)
Job 32 | Task: 0 3 LeLe scov | Runtime: 3 min (206 sec)
Job 26 | Task: 0 2 LpLp scov | Runtime: 3 min (207 sec)
Job 23 | Task: 0 2 LeLe scov | Runtime: 3 min (207 sec)
Job 15 | Task: 0 1 LpLp ncov | Runtime: 3 min (208 sec)
Job 17 | Task: 0 1 LpLp scov | Runtime: 3 min (209 sec)
Job 24 | Task: 0 2 LpLp ncov | Runtime: 3 min (209 sec)
Job 5 | Task: 0 0 LeLe scov | Runtime: 3 min (209 sec)
Job 6 | Task: 0 0 LpLp ncov | Runtime: 3 min (210 sec)
Job 8 | Task: 0 0 LpLp scov | Runtime: 3 min (210 sec)
Job 201 | Task: 4 2 LeLe ncov | Runtime: 4 min (269 sec)
Job 150 | Task: 3 1 LpLp ncov | Runtime: 4 min (277 sec)
Job 143 | Task: 3 0 LpLp scov | Runtime: 4 min (282 sec)
Job 141 | Task: 3 0 LpLp ncov | Runtime: 4 min (283 sec)
Job 140 | Task: 3 0 LeLe scov | Runtime: 4 min (283 sec)
Job 125 | Task: 2 3 LpLp scov | Runtime: 4 min (284 sec)
Job 122 | Task: 2 3 LeLe scov | Runtime: 4 min (285 sec)
Job 192 | Task: 4 1 LeLe ncov | Runtime: 4 min (286 sec)
Job 131 | Task: 2 4 LeLe scov | Runtime: 4 min (286 sec)
Job 174 | Task: 3 4 LeLe ncov | Runtime: 4 min (287 sec)
Job 152 | Task: 3 1 LpLp scov | Runtime: 4 min (290 sec)
Job 159 | Task: 3 2 LpLp ncov | Runtime: 4 min (291 sec)
Job 132 | Task: 2 4 LpLp ncov | Runtime: 4 min (292 sec)
Job 161 | Task: 3 2 LpLp scov | Runtime: 4 min (292 sec)
Job 134 | Task: 2 4 LpLp scov | Runtime: 4 min (292 sec)
Job 123 | Task: 2 3 LpLp ncov | Runtime: 4 min (292 sec)
Job 158 | Task: 3 2 LeLe scov | Runtime: 4 min (293 sec)
Job 149 | Task: 3 1 LeLe scov | Runtime: 4 min (293 sec)
Job 116 | Task: 2 2 LpLp scov | Runtime: 4 min (293 sec)
Job 183 | Task: 4 0 LeLe ncov | Runtime: 5 min (324 sec)
Job 69 | Task: 1 2 LpLp ncov | Runtime: 6 min (393 sec)
Job 156 | Task: 3 2 LeLe ncov | Runtime: 6 min (402 sec)
Job 78 | Task: 1 3 LpLp ncov | Runtime: 6 min (396 sec)
Job 120 | Task: 2 3 LeLe ncov | Runtime: 6 min (402 sec)
Job 44 | Task: 0 4 LpLp scov | Runtime: 6 min (398 sec)
Job 129 | Task: 2 4 LeLe ncov | Runtime: 6 min (402 sec)
Job 98 | Task: 2 0 LpLp scov | Runtime: 6 min (400 sec)
Job 53 | Task: 1 0 LpLp scov | Runtime: 6 min (400 sec)
Job 80 | Task: 1 3 LpLp scov | Runtime: 6 min (400 sec)
Job 41 | Task: 0 4 LeLe scov | Runtime: 6 min (403 sec)
Job 87 | Task: 1 4 LpLp ncov | Runtime: 6 min (404 sec)
Job 68 | Task: 1 2 LeLe scov | Runtime: 6 min (405 sec)
Job 71 | Task: 1 2 LpLp scov | Runtime: 6 min (404 sec)
Job 50 | Task: 1 0 LeLe scov | Runtime: 6 min (406 sec)
Job 114 | Task: 2 2 LpLp ncov | Runtime: 6 min (404 sec)
Job 96 | Task: 2 0 LpLp ncov | Runtime: 6 min (406 sec)
Job 59 | Task: 1 1 LeLe scov | Runtime: 6 min (408 sec)
Job 95 | Task: 2 0 LeLe scov | Runtime: 6 min (408 sec)
Job 107 | Task: 2 1 LpLp scov | Runtime: 6 min (408 sec)
Job 165 | Task: 3 3 LeLe ncov | Runtime: 6 min (413 sec)
Job 104 | Task: 2 1 LeLe scov | Runtime: 6 min (409 sec)
Job 105 | Task: 2 1 LpLp ncov | Runtime: 6 min (410 sec)
Job 42 | Task: 0 4 LpLp ncov | Runtime: 6 min (412 sec)
Job 62 | Task: 1 1 LpLp scov | Runtime: 6 min (412 sec)
Job 86 | Task: 1 4 LeLe scov | Runtime: 6 min (414 sec)
Job 89 | Task: 1 4 LpLp scov | Runtime: 6 min (413 sec)
Job 138 | Task: 3 0 LeLe ncov | Runtime: 7 min (421 sec)
Job 51 | Task: 1 0 LpLp ncov | Runtime: 7 min (420 sec)
Job 30 | Task: 0 3 LeLe ncov | Runtime: 7 min (425 sec)
Job 113 | Task: 2 2 LeLe scov | Runtime: 7 min (424 sec)
Job 60 | Task: 1 1 LpLp ncov | Runtime: 7 min (425 sec)
Job 77 | Task: 1 3 LeLe scov | Runtime: 7 min (425 sec)
Job 254 | Task: 4 None LLLe scov | Runtime: 7 min (429 sec)
Job 147 | Task: 3 1 LeLe ncov | Runtime: 7 min (432 sec)
Job 248 | Task: 2 None LLLe scov | Runtime: 7 min (440 sec)
Job 21 | Task: 0 2 LeLe ncov | Runtime: 7 min (449 sec)
Job 210 | Task: 4 3 LeLe ncov | Runtime: 7 min (452 sec)
Job 245 | Task: 1 None LLLe scov | Runtime: 7 min (459 sec)
Job 3 | Task: 0 0 LeLe ncov | Runtime: 7 min (464 sec)
Job 12 | Task: 0 1 LeLe ncov | Runtime: 7 min (468 sec)
Job 242 | Task: 0 None LLLe scov | Runtime: 8 min (485 sec)
Job 251 | Task: 3 None LLLe scov | Runtime: 9 min (540 sec)
Job 219 | Task: 4 4 LeLe ncov | Runtime: 9 min (545 sec)
Job 166 | Task: 3 3 LeLe ccov | Runtime: 13 min (784 sec)
Job 102 | Task: 2 1 LeLe ncov | Runtime: 13 min (782 sec)
Job 157 | Task: 3 2 LeLe ccov | Runtime: 13 min (820 sec)
Job 202 | Task: 4 2 LeLe ccov | Runtime: 13 min (831 sec)
Job 130 | Task: 2 4 LeLe ccov | Runtime: 13 min (832 sec)
Job 66 | Task: 1 2 LeLe ncov | Runtime: 14 min (862 sec)
Job 121 | Task: 2 3 LeLe ccov | Runtime: 14 min (883 sec)
Job 175 | Task: 3 4 LeLe ccov | Runtime: 15 min (920 sec)
Job 193 | Task: 4 1 LeLe ccov | Runtime: 15 min (933 sec)
Job 256 | Task: None None LLLL ccov | Runtime: 15 min (956 sec)
Job 93 | Task: 2 0 LeLe ncov | Runtime: 16 min (966 sec)
Job 139 | Task: 3 0 LeLe ccov | Runtime: 16 min (972 sec)
Job 148 | Task: 3 1 LeLe ccov | Runtime: 16 min (1010 sec)
Job 4 | Task: 0 0 LeLe ccov | Runtime: 17 min (1045 sec)
Job 162 | Task: 3 3 LpLe ncov | Runtime: 18 min (1109 sec)
Job 126 | Task: 2 4 LpLe ncov | Runtime: 18 min (1112 sec)
Job 117 | Task: 2 3 LpLe ncov | Runtime: 18 min (1114 sec)
Job 184 | Task: 4 0 LeLe ccov | Runtime: 18 min (1117 sec)
Job 135 | Task: 3 0 LpLe ncov | Runtime: 18 min (1120 sec)
Job 144 | Task: 3 1 LpLe ncov | Runtime: 18 min (1124 sec)
Job 160 | Task: 3 2 LpLp ccov | Runtime: 18 min (1125 sec)
Job 153 | Task: 3 2 LpLe ncov | Runtime: 18 min (1128 sec)
Job 151 | Task: 3 1 LpLp ccov | Runtime: 18 min (1128 sec)
Job 13 | Task: 0 1 LeLe ccov | Runtime: 18 min (1138 sec)
Job 142 | Task: 3 0 LpLp ccov | Runtime: 19 min (1141 sec)
Job 133 | Task: 2 4 LpLp ccov | Runtime: 19 min (1154 sec)
Job 124 | Task: 2 3 LpLp ccov | Runtime: 19 min (1157 sec)
Job 22 | Task: 0 2 LeLe ccov | Runtime: 19 min (1174 sec)
Job 27 | Task: 0 3 LpLe ncov | Runtime: 20 min (1252 sec)
Job 16 | Task: 0 1 LpLp ccov | Runtime: 21 min (1268 sec)
Job 0 | Task: 0 0 LpLe ncov | Runtime: 21 min (1270 sec)
Job 31 | Task: 0 3 LeLe ccov | Runtime: 21 min (1279 sec)
Job 171 | Task: 3 4 LpLe ncov | Runtime: 21 min (1291 sec)
Job 198 | Task: 4 2 LpLe ncov | Runtime: 21 min (1310 sec)
Job 189 | Task: 4 1 LpLe ncov | Runtime: 21 min (1313 sec)
Job 180 | Task: 4 0 LpLe ncov | Runtime: 21 min (1318 sec)
Job 36 | Task: 0 4 LpLe ncov | Runtime: 22 min (1324 sec)
Job 196 | Task: 4 1 LpLp ccov | Runtime: 22 min (1325 sec)
Job 9 | Task: 0 1 LpLe ncov | Runtime: 22 min (1334 sec)
Job 18 | Task: 0 2 LpLe ncov | Runtime: 22 min (1337 sec)
Job 178 | Task: 3 4 LpLp ccov | Runtime: 22 min (1352 sec)
Job 187 | Task: 4 0 LpLp ccov | Runtime: 22 min (1353 sec)
Job 34 | Task: 0 3 LpLp ccov | Runtime: 22 min (1355 sec)
Job 25 | Task: 0 2 LpLp ccov | Runtime: 22 min (1363 sec)
Job 211 | Task: 4 3 LeLe ccov | Runtime: 24 min (1454 sec)
Job 233 | Task: 2 None LLLp scov | Runtime: 25 min (1505 sec)
Job 231 | Task: 2 None LLLp ncov | Runtime: 25 min (1511 sec)
Job 220 | Task: 4 4 LeLe ccov | Runtime: 25 min (1513 sec)
Job 216 | Task: 4 4 LpLe ncov | Runtime: 25 min (1522 sec)
Job 214 | Task: 4 3 LpLp ccov | Runtime: 26 min (1591 sec)
Job 227 | Task: 0 None LLLp scov | Runtime: 26 min (1600 sec)
Job 207 | Task: 4 3 LpLe ncov | Runtime: 27 min (1627 sec)
Job 239 | Task: 4 None LLLp scov | Runtime: 27 min (1649 sec)
Job 236 | Task: 3 None LLLp scov | Runtime: 27 min (1652 sec)
Job 225 | Task: 0 None LLLp ncov | Runtime: 27 min (1660 sec)
Job 39 | Task: 0 4 LeLe ncov | Runtime: 27 min (1667 sec)
Job 84 | Task: 1 4 LeLe ncov | Runtime: 27 min (1668 sec)
Job 228 | Task: 1 None LLLp ncov | Runtime: 27 min (1678 sec)
Job 75 | Task: 1 3 LeLe ncov | Runtime: 27 min (1678 sec)
Job 48 | Task: 1 0 LeLe ncov | Runtime: 28 min (1683 sec)
Job 234 | Task: 3 None LLLp ncov | Runtime: 28 min (1687 sec)
Job 237 | Task: 4 None LLLp ncov | Runtime: 28 min (1688 sec)
Job 57 | Task: 1 1 LeLe ncov | Runtime: 28 min (1699 sec)
Job 111 | Task: 2 2 LeLe ncov | Runtime: 28 min (1706 sec)
Job 205 | Task: 4 2 LpLp ccov | Runtime: 28 min (1737 sec)
Job 230 | Task: 1 None LLLp scov | Runtime: 29 min (1782 sec)
Job 103 | Task: 2 1 LeLe ccov | Runtime: 36 min (2165 sec)
Job 112 | Task: 2 2 LeLe ccov | Runtime: 36 min (2169 sec)
Job 115 | Task: 2 2 LpLp ccov | Runtime: 37 min (2225 sec)
Job 85 | Task: 1 4 LeLe ccov | Runtime: 37 min (2237 sec)
Job 76 | Task: 1 3 LeLe ccov | Runtime: 37 min (2261 sec)
Job 67 | Task: 1 2 LeLe ccov | Runtime: 39 min (2341 sec)
Job 58 | Task: 1 1 LeLe ccov | Runtime: 39 min (2354 sec)
Job 94 | Task: 2 0 LeLe ccov | Runtime: 39 min (2381 sec)
Job 49 | Task: 1 0 LeLe ccov | Runtime: 40 min (2402 sec)
Job 137 | Task: 3 0 LpLe scov | Runtime: 41 min (2481 sec)
Job 40 | Task: 0 4 LeLe ccov | Runtime: 41 min (2479 sec)
Job 128 | Task: 2 4 LpLe scov | Runtime: 41 min (2484 sec)
Job 155 | Task: 3 2 LpLe scov | Runtime: 41 min (2491 sec)
Job 146 | Task: 3 1 LpLe scov | Runtime: 41 min (2506 sec)
Job 164 | Task: 3 3 LpLe scov | Runtime: 42 min (2520 sec)
Job 119 | Task: 2 3 LpLe scov | Runtime: 42 min (2524 sec)
Job 63 | Task: 1 2 LpLe ncov | Runtime: 45 min (2721 sec)
Job 72 | Task: 1 3 LpLe ncov | Runtime: 45 min (2726 sec)
Job 45 | Task: 1 0 LpLe ncov | Runtime: 45 min (2737 sec)
Job 7 | Task: 0 0 LpLp ccov | Runtime: 45 min (2753 sec)
Job 90 | Task: 2 0 LpLe ncov | Runtime: 45 min (2749 sec)
Job 81 | Task: 1 4 LpLe ncov | Runtime: 45 min (2749 sec)
Job 70 | Task: 1 2 LpLp ccov | Runtime: 45 min (2756 sec)
Job 88 | Task: 1 4 LpLp ccov | Runtime: 46 min (2760 sec)
Job 108 | Task: 2 2 LpLe ncov | Runtime: 46 min (2762 sec)
Job 54 | Task: 1 1 LpLe ncov | Runtime: 46 min (2763 sec)
Job 52 | Task: 1 0 LpLp ccov | Runtime: 46 min (2767 sec)
Job 99 | Task: 2 1 LpLe ncov | Runtime: 46 min (2768 sec)
Job 43 | Task: 0 4 LpLp ccov | Runtime: 46 min (2777 sec)
Job 97 | Task: 2 0 LpLp ccov | Runtime: 46 min (2784 sec)
Job 79 | Task: 1 3 LpLp ccov | Runtime: 46 min (2814 sec)
Job 106 | Task: 2 1 LpLp ccov | Runtime: 46 min (2813 sec)
Job 169 | Task: 3 3 LpLp ccov | Runtime: 48 min (2912 sec)
Job 29 | Task: 0 3 LpLe scov | Runtime: 50 min (3000 sec)
Job 20 | Task: 0 2 LpLe scov | Runtime: 50 min (3020 sec)
Job 11 | Task: 0 1 LpLe scov | Runtime: 50 min (3022 sec)
Job 223 | Task: 4 4 LpLp ccov | Runtime: 50 min (3057 sec)
Job 2 | Task: 0 0 LpLe scov | Runtime: 51 min (3115 sec)
Job 226 | Task: 0 None LLLp ccov | Runtime: 54 min (3250 sec)
Job 229 | Task: 1 None LLLp ccov | Runtime: 54 min (3263 sec)
Job 235 | Task: 3 None LLLp ccov | Runtime: 54 min (3270 sec)
Job 173 | Task: 3 4 LpLe scov | Runtime: 54 min (3290 sec)
Job 182 | Task: 4 0 LpLe scov | Runtime: 55 min (3313 sec)
Job 200 | Task: 4 2 LpLe scov | Runtime: 55 min (3337 sec)
Job 191 | Task: 4 1 LpLe scov | Runtime: 56 min (3365 sec)
Job 232 | Task: 2 None LLLp ccov | Runtime: 56 min (3366 sec)
Job 238 | Task: 4 None LLLp ccov | Runtime: 59 min (3594 sec)
Job 218 | Task: 4 4 LpLe scov | Runtime: 60 min (3616 sec)
Job 209 | Task: 4 3 LpLe scov | Runtime: 61 min (3714 sec)
Job 61 | Task: 1 1 LpLp ccov | Runtime: 66 min (3978 sec)
Job 127 | Task: 2 4 LpLe ccov | Runtime: 71 min (4264 sec)
Job 163 | Task: 3 3 LpLe ccov | Runtime: 71 min (4267 sec)
Job 101 | Task: 2 1 LpLe scov | Runtime: 71 min (4291 sec)
Job 118 | Task: 2 3 LpLe ccov | Runtime: 71 min (4315 sec)
Job 110 | Task: 2 2 LpLe scov | Runtime: 72 min (4328 sec)
Job 154 | Task: 3 2 LpLe ccov | Runtime: 72 min (4334 sec)
Job 56 | Task: 1 1 LpLe scov | Runtime: 72 min (4330 sec)
Job 145 | Task: 3 1 LpLe ccov | Runtime: 72 min (4337 sec)
Job 38 | Task: 0 4 LpLe scov | Runtime: 72 min (4346 sec)
Job 92 | Task: 2 0 LpLe scov | Runtime: 72 min (4346 sec)
Job 83 | Task: 1 4 LpLe scov | Runtime: 72 min (4347 sec)
Job 74 | Task: 1 3 LpLe scov | Runtime: 72 min (4358 sec)
Job 47 | Task: 1 0 LpLe scov | Runtime: 72 min (4364 sec)
Job 65 | Task: 1 2 LpLe scov | Runtime: 73 min (4383 sec)
Job 136 | Task: 3 0 LpLe ccov | Runtime: 74 min (4453 sec)
Job 10 | Task: 0 1 LpLe ccov | Runtime: 83 min (4993 sec)
Job 28 | Task: 0 3 LpLe ccov | Runtime: 83 min (5002 sec)
Job 37 | Task: 0 4 LpLe ccov | Runtime: 83 min (5012 sec)
Job 19 | Task: 0 2 LpLe ccov | Runtime: 83 min (5026 sec)
Job 1 | Task: 0 0 LpLe ccov | Runtime: 84 min (5052 sec)
Job 199 | Task: 4 2 LpLe ccov | Runtime: 97 min (5834 sec)
Job 172 | Task: 3 4 LpLe ccov | Runtime: 98 min (5888 sec)
Job 190 | Task: 4 1 LpLe ccov | Runtime: 99 min (5940 sec)
Job 181 | Task: 4 0 LpLe ccov | Runtime: 99 min (5989 sec)
Job 208 | Task: 4 3 LpLe ccov | Runtime: 101 min (6107 sec)
Job 64 | Task: 1 2 LpLe ccov | Runtime: 103 min (6192 sec)
Job 109 | Task: 2 2 LpLe ccov | Runtime: 103 min (6192 sec)
Job 55 | Task: 1 1 LpLe ccov | Runtime: 103 min (6231 sec)
Job 100 | Task: 2 1 LpLe ccov | Runtime: 103 min (6233 sec)
Job 82 | Task: 1 4 LpLe ccov | Runtime: 104 min (6247 sec)
Job 217 | Task: 4 4 LpLe ccov | Runtime: 104 min (6267 sec)
Job 73 | Task: 1 3 LpLe ccov | Runtime: 105 min (6318 sec)
Job 46 | Task: 1 0 LpLe ccov | Runtime: 107 min (6445 sec)
Job 91 | Task: 2 0 LpLe ccov | Runtime: 107 min (6462 sec)
