Successfully saved scov for b1=2, b2=1, cov_matrix=LeLe at matrices_5e10_v1/LeLe/scov21
Successfully saved ncov for b1=2, b2=1, cov_matrix=LpLp at matrices_5e10_v1/LpLp/ncov21
Successfully saved scov for b1=2, b2=1, cov_matrix=LpLp at matrices_5e10_v1/LpLp/scov21
Successfully saved plus_correlation for b1=2, b2=2, cov_matrix=LeLe at matrices_5e10_v1/LeLe/plus_correlation2
Successfully saved minus_correlation for b1=2, b2=2, cov_matrix=LeLe at matrices_5e10_v1/LeLe/minus_correlation2
Successfully saved plus_correlation for b1=2, b2=2, cov_matrix=LeLe at matrices_5e10_v1/LeLe/plus_correlation2
Successfully saved minus_correlation for b1=2, b2=2, cov_matrix=LeLe at matrices_5e10_v1/LeLe/minus_correlation2
Successfully saved plus_correlation for b1=2, b2=2, cov_matrix=LeLe at matrices_5e10_v1/LeLe/plus_correlation2
Successfully saved minus_correlation for b1=2, b2=2, cov_matrix=LeLe at matrices_5e10_v1/LeLe/minus_correlation2
Successfully saved scov for b1=2, b2=2, cov_matrix=LeLe at matrices_5e10_v1/LeLe/scov22
Successfully saved correlation for b1=2, b2=2, cov_matrix=LpLp at matrices_5e10_v1/LpLp/correlation2
Successfully saved ncov for b1=2, b2=2, cov_matrix=LpLp at matrices_5e10_v1/LpLp/ncov22
Successfully saved correlation for b1=2, b2=2, cov_matrix=LpLp at matrices_5e10_v1/LpLp/correlation2
Successfully saved correlation for b1=2, b2=2, cov_matrix=LpLp at matrices_5e10_v1/LpLp/correlation2
Successfully saved scov for b1=2, b2=2, cov_matrix=LpLp at matrices_5e10_v1/LpLp/scov22
Successfully saved scov for b1=2, b2=3, cov_matrix=LeLe at matrices_5e10_v1/LeLe/scov23
Successfully saved ncov for b1=2, b2=3, cov_matrix=LpLp at matrices_5e10_v1/LpLp/ncov23
Successfully saved scov for b1=2, b2=3, cov_matrix=LpLp at matrices_5e10_v1/LpLp/scov23
Successfully saved scov for b1=2, b2=4, cov_matrix=LeLe at matrices_5e10_v1/LeLe/scov24
Successfully saved ncov for b1=2, b2=4, cov_matrix=LpLp at matrices_5e10_v1/LpLp/ncov24
Successfully saved scov for b1=2, b2=4, cov_matrix=LpLp at matrices_5e10_v1/LpLp/scov24
Warning! Total error for LeLe ccov mm redshifts (3, 0) angular bins (0, 2) is 0.3
Warning! Total error for LeLe ccov mm redshifts (0, 1) angular bins (0, 3) is 10.2
Warning! Total error for LeLe ccov mm redshifts (0, 1) angular bins (0, 4) is 0.3
Successfully saved scov for b1=3, b2=0, cov_matrix=LeLe at matrices_5e10_v1/LeLe/scov30
Successfully saved ncov for b1=3, b2=0, cov_matrix=LpLp at matrices_5e10_v1/LpLp/ncov30
Successfully saved scov for b1=3, b2=0, cov_matrix=LpLp at matrices_5e10_v1/LpLp/scov30
Successfully saved scov for b1=3, b2=1, cov_matrix=LeLe at matrices_5e10_v1/LeLe/scov31
Successfully saved scov for b1=0, b2=1, cov_matrix=LeLe at matrices_5e10_v1/LeLe/scov01
Successfully saved ncov for b1=3, b2=1, cov_matrix=LpLp at matrices_5e10_v1/LpLp/ncov31
Successfully saved scov for b1=3, b2=1, cov_matrix=LpLp at matrices_5e10_v1/LpLp/scov31
Successfully saved scov for b1=3, b2=2, cov_matrix=LeLe at matrices_5e10_v1/LeLe/scov32
Successfully saved ncov for b1=3, b2=2, cov_matrix=LpLp at matrices_5e10_v1/LpLp/ncov32
Successfully saved ncov for b1=0, b2=1, cov_matrix=LpLp at matrices_5e10_v1/LpLp/ncov01
Successfully saved scov for b1=3, b2=2, cov_matrix=LpLp at matrices_5e10_v1/LpLp/scov32
Successfully saved plus_correlation for b1=3, b2=3, cov_matrix=LeLe at matrices_5e10_v1/LeLe/plus_correlation3
Successfully saved minus_correlation for b1=3, b2=3, cov_matrix=LeLe at matrices_5e10_v1/LeLe/minus_correlation3
Successfully saved plus_correlation for b1=3, b2=3, cov_matrix=LeLe at matrices_5e10_v1/LeLe/plus_correlation3
Successfully saved minus_correlation for b1=3, b2=3, cov_matrix=LeLe at matrices_5e10_v1/LeLe/minus_correlation3
Successfully saved plus_correlation for b1=3, b2=3, cov_matrix=LeLe at matrices_5e10_v1/LeLe/plus_correlation3
Successfully saved minus_correlation for b1=3, b2=3, cov_matrix=LeLe at matrices_5e10_v1/LeLe/minus_correlation3
Successfully saved scov for b1=3, b2=3, cov_matrix=LeLe at matrices_5e10_v1/LeLe/scov33
Successfully saved correlation for b1=3, b2=3, cov_matrix=LpLp at matrices_5e10_v1/LpLp/correlation3
Successfully saved ncov for b1=3, b2=3, cov_matrix=LpLp at matrices_5e10_v1/LpLp/ncov33
Successfully saved correlation for b1=3, b2=3, cov_matrix=LpLp at matrices_5e10_v1/LpLp/correlation3
Successfully saved correlation for b1=3, b2=3, cov_matrix=LpLp at matrices_5e10_v1/LpLp/correlation3
Successfully saved scov for b1=3, b2=3, cov_matrix=LpLp at matrices_5e10_v1/LpLp/scov33
Warning! Total error for LeLe ccov mm redshifts (3, 4) angular bins (0, 2) is 0.7
Warning! Total error for LeLe ccov pm redshifts (3, 4) angular bins (0, 0) is 0.2
Successfully saved scov for b1=3, b2=4, cov_matrix=LeLe at matrices_5e10_v1/LeLe/scov34
Successfully saved ncov for b1=3, b2=4, cov_matrix=LpLp at matrices_5e10_v1/LpLp/ncov34
Successfully saved scov for b1=3, b2=4, cov_matrix=LpLp at matrices_5e10_v1/LpLp/scov34
Successfully saved scov for b1=0, b2=1, cov_matrix=LpLp at matrices_5e10_v1/LpLp/scov01
Successfully saved scov for b1=4, b2=0, cov_matrix=LeLe at matrices_5e10_v1/LeLe/scov40
Successfully saved ncov for b1=4, b2=0, cov_matrix=LpLp at matrices_5e10_v1/LpLp/ncov40
Successfully saved scov for b1=4, b2=0, cov_matrix=LpLp at matrices_5e10_v1/LpLp/scov40
Warning! Total error for LeLe ccov mm redshifts (4, 1) angular bins (0, 2) is 0.3
Successfully saved scov for b1=4, b2=1, cov_matrix=LeLe at matrices_5e10_v1/LeLe/scov41
Successfully saved ncov for b1=4, b2=1, cov_matrix=LpLp at matrices_5e10_v1/LpLp/ncov41
Successfully saved scov for b1=4, b2=1, cov_matrix=LpLp at matrices_5e10_v1/LpLp/scov41
Successfully saved scov for b1=4, b2=2, cov_matrix=LeLe at matrices_5e10_v1/LeLe/scov42
Successfully saved ncov for b1=4, b2=2, cov_matrix=LpLp at matrices_5e10_v1/LpLp/ncov42
Successfully saved scov for b1=4, b2=2, cov_matrix=LpLp at matrices_5e10_v1/LpLp/scov42
Successfully saved scov for b1=4, b2=3, cov_matrix=LeLe at matrices_5e10_v1/LeLe/scov43
Successfully saved ncov for b1=4, b2=3, cov_matrix=LpLp at matrices_5e10_v1/LpLp/ncov43
Successfully saved scov for b1=4, b2=3, cov_matrix=LpLp at matrices_5e10_v1/LpLp/scov43
Successfully saved plus_correlation for b1=4, b2=4, cov_matrix=LeLe at matrices_5e10_v1/LeLe/plus_correlation4
Successfully saved minus_correlation for b1=4, b2=4, cov_matrix=LeLe at matrices_5e10_v1/LeLe/minus_correlation4
Successfully saved plus_correlation for b1=4, b2=4, cov_matrix=LeLe at matrices_5e10_v1/LeLe/plus_correlation4
Successfully saved minus_correlation for b1=4, b2=4, cov_matrix=LeLe at matrices_5e10_v1/LeLe/minus_correlation4
Successfully saved plus_correlation for b1=4, b2=4, cov_matrix=LeLe at matrices_5e10_v1/LeLe/plus_correlation4
Successfully saved minus_correlation for b1=4, b2=4, cov_matrix=LeLe at matrices_5e10_v1/LeLe/minus_correlation4
Successfully saved scov for b1=4, b2=4, cov_matrix=LeLe at matrices_5e10_v1/LeLe/scov44
Successfully saved correlation for b1=4, b2=4, cov_matrix=LpLp at matrices_5e10_v1/LpLp/correlation4
Successfully saved ncov for b1=4, b2=4, cov_matrix=LpLp at matrices_5e10_v1/LpLp/ncov44
Successfully saved correlation for b1=4, b2=4, cov_matrix=LpLp at matrices_5e10_v1/LpLp/correlation4
Successfully saved correlation for b1=4, b2=4, cov_matrix=LpLp at matrices_5e10_v1/LpLp/correlation4
Successfully saved scov for b1=4, b2=4, cov_matrix=LpLp at matrices_5e10_v1/LpLp/scov44
Successfully saved scov for b1=0, b2=2, cov_matrix=LeLe at matrices_5e10_v1/LeLe/scov02
Successfully saved ncov for b1=0, b2=None, cov_matrix=LLLe at matrices_5e10_v1/LLLe/ncov0
Successfully saved ccov for b1=0, b2=None, cov_matrix=LLLe at matrices_5e10_v1/LLLe/ccov0
Successfully saved ncov for b1=1, b2=None, cov_matrix=LLLe at matrices_5e10_v1/LLLe/ncov1
Successfully saved ccov for b1=1, b2=None, cov_matrix=LLLe at matrices_5e10_v1/LLLe/ccov1
Successfully saved ncov for b1=2, b2=None, cov_matrix=LLLe at matrices_5e10_v1/LLLe/ncov2
Successfully saved ccov for b1=2, b2=None, cov_matrix=LLLe at matrices_5e10_v1/LLLe/ccov2
Successfully saved ncov for b1=3, b2=None, cov_matrix=LLLe at matrices_5e10_v1/LLLe/ncov3
Successfully saved ncov for b1=0, b2=2, cov_matrix=LpLp at matrices_5e10_v1/LpLp/ncov02
Successfully saved ccov for b1=3, b2=None, cov_matrix=LLLe at matrices_5e10_v1/LLLe/ccov3
Successfully saved ncov for b1=4, b2=None, cov_matrix=LLLe at matrices_5e10_v1/LLLe/ncov4
Successfully saved ccov for b1=4, b2=None, cov_matrix=LLLe at matrices_5e10_v1/LLLe/ccov4
Successfully saved plus_correlation for b1=None, b2=None, cov_matrix=LLLL at matrices_5e10_v1/LLLL/plus_correlation
Successfully saved minus_correlation for b1=None, b2=None, cov_matrix=LLLL at matrices_5e10_v1/LLLL/minus_correlation
Successfully saved plus_correlation for b1=None, b2=None, cov_matrix=LLLL at matrices_5e10_v1/LLLL/plus_correlation
Successfully saved minus_correlation for b1=None, b2=None, cov_matrix=LLLL at matrices_5e10_v1/LLLL/minus_correlation
Successfully saved plus_correlation for b1=None, b2=None, cov_matrix=LLLL at matrices_5e10_v1/LLLL/plus_correlation
Successfully saved minus_correlation for b1=None, b2=None, cov_matrix=LLLL at matrices_5e10_v1/LLLL/minus_correlation
Warning! Total error for LLLL scov pp angular bins (0, 0) is 8.9
Warning! Total error for LLLL scov pp angular bins (1, 1) is 4.4
Warning! Total error for LLLL scov pp angular bins (2, 2) is 3.6
Warning! Total error for LLLL scov pp angular bins (3, 3) is 3.2
Warning! Total error for LLLL scov pp angular bins (4, 4) is 2.9
Warning! Total error for LLLL scov mm angular bins (0, 0) is 13.9
Warning! Total error for LLLL scov mm angular bins (1, 1) is 5.5
Warning! Total error for LLLL scov mm angular bins (2, 2) is 4.2
Warning! Total error for LLLL scov mm angular bins (3, 3) is 3.5
Warning! Total error for LLLL scov mm angular bins (4, 4) is 3.1
Warning! Total error for LLLL scov pm angular bins (0, 0) is 212.5
Successfully saved scov for b1=0, b2=2, cov_matrix=LpLp at matrices_5e10_v1/LpLp/scov02
Successfully saved scov for b1=0, b2=3, cov_matrix=LeLe at matrices_5e10_v1/LeLe/scov03
Successfully saved ncov for b1=0, b2=3, cov_matrix=LpLp at matrices_5e10_v1/LpLp/ncov03
Successfully saved scov for b1=0, b2=3, cov_matrix=LpLp at matrices_5e10_v1/LpLp/scov03
Successfully saved plus_correlation for b1=0, b2=0, cov_matrix=LeLe at matrices_5e10_v1/LeLe/plus_correlation0
Successfully saved minus_correlation for b1=0, b2=0, cov_matrix=LeLe at matrices_5e10_v1/LeLe/minus_correlation0
Successfully saved scov for b1=0, b2=4, cov_matrix=LeLe at matrices_5e10_v1/LeLe/scov04
Successfully saved ncov for b1=0, b2=4, cov_matrix=LpLp at matrices_5e10_v1/LpLp/ncov04
Successfully saved scov for b1=0, b2=4, cov_matrix=LpLp at matrices_5e10_v1/LpLp/scov04
Successfully saved plus_correlation for b1=0, b2=0, cov_matrix=LeLe at matrices_5e10_v1/LeLe/plus_correlation0
Successfully saved minus_correlation for b1=0, b2=0, cov_matrix=LeLe at matrices_5e10_v1/LeLe/minus_correlation0
Successfully saved scov for b1=1, b2=0, cov_matrix=LeLe at matrices_5e10_v1/LeLe/scov10
Successfully saved ncov for b1=1, b2=0, cov_matrix=LpLp at matrices_5e10_v1/LpLp/ncov10
Successfully saved scov for b1=1, b2=0, cov_matrix=LpLp at matrices_5e10_v1/LpLp/scov10
Successfully saved plus_correlation for b1=1, b2=1, cov_matrix=LeLe at matrices_5e10_v1/LeLe/plus_correlation1
Successfully saved minus_correlation for b1=1, b2=1, cov_matrix=LeLe at matrices_5e10_v1/LeLe/minus_correlation1
Successfully saved plus_correlation for b1=1, b2=1, cov_matrix=LeLe at matrices_5e10_v1/LeLe/plus_correlation1
Successfully saved minus_correlation for b1=1, b2=1, cov_matrix=LeLe at matrices_5e10_v1/LeLe/minus_correlation1
Warning! Total error for LeLe ccov mm redshifts (1, 1) angular bins (0, 3) is 0.5
Successfully saved plus_correlation for b1=1, b2=1, cov_matrix=LeLe at matrices_5e10_v1/LeLe/plus_correlation1
Successfully saved minus_correlation for b1=1, b2=1, cov_matrix=LeLe at matrices_5e10_v1/LeLe/minus_correlation1
Successfully saved scov for b1=1, b2=1, cov_matrix=LeLe at matrices_5e10_v1/LeLe/scov11
Successfully saved plus_correlation for b1=0, b2=0, cov_matrix=LeLe at matrices_5e10_v1/LeLe/plus_correlation0
Successfully saved minus_correlation for b1=0, b2=0, cov_matrix=LeLe at matrices_5e10_v1/LeLe/minus_correlation0
Successfully saved scov for b1=0, b2=0, cov_matrix=LeLe at matrices_5e10_v1/LeLe/scov00
Successfully saved correlation for b1=1, b2=1, cov_matrix=LpLp at matrices_5e10_v1/LpLp/correlation1
Successfully saved ncov for b1=1, b2=1, cov_matrix=LpLp at matrices_5e10_v1/LpLp/ncov11
Successfully saved correlation for b1=1, b2=1, cov_matrix=LpLp at matrices_5e10_v1/LpLp/correlation1
Successfully saved correlation for b1=1, b2=1, cov_matrix=LpLp at matrices_5e10_v1/LpLp/correlation1
Successfully saved scov for b1=1, b2=1, cov_matrix=LpLp at matrices_5e10_v1/LpLp/scov11
Successfully saved scov for b1=1, b2=2, cov_matrix=LeLe at matrices_5e10_v1/LeLe/scov12
Successfully saved ncov for b1=1, b2=2, cov_matrix=LpLp at matrices_5e10_v1/LpLp/ncov12
Successfully saved correlation for b1=0, b2=0, cov_matrix=LpLp at matrices_5e10_v1/LpLp/correlation0
Successfully saved ncov for b1=0, b2=0, cov_matrix=LpLp at matrices_5e10_v1/LpLp/ncov00
Successfully saved scov for b1=1, b2=2, cov_matrix=LpLp at matrices_5e10_v1/LpLp/scov12
Successfully saved scov for b1=1, b2=3, cov_matrix=LeLe at matrices_5e10_v1/LeLe/scov13
Successfully saved ncov for b1=1, b2=3, cov_matrix=LpLp at matrices_5e10_v1/LpLp/ncov13
Successfully saved correlation for b1=0, b2=0, cov_matrix=LpLp at matrices_5e10_v1/LpLp/correlation0
Successfully saved scov for b1=1, b2=3, cov_matrix=LpLp at matrices_5e10_v1/LpLp/scov13
Successfully saved scov for b1=1, b2=4, cov_matrix=LeLe at matrices_5e10_v1/LeLe/scov14
Successfully saved ncov for b1=1, b2=4, cov_matrix=LpLp at matrices_5e10_v1/LpLp/ncov14
Successfully saved scov for b1=1, b2=4, cov_matrix=LpLp at matrices_5e10_v1/LpLp/scov14
Successfully saved correlation for b1=0, b2=0, cov_matrix=LpLp at matrices_5e10_v1/LpLp/correlation0
Successfully saved scov for b1=0, b2=0, cov_matrix=LpLp at matrices_5e10_v1/LpLp/scov00
Successfully saved scov for b1=2, b2=0, cov_matrix=LeLe at matrices_5e10_v1/LeLe/scov20
Successfully saved ncov for b1=2, b2=0, cov_matrix=LpLp at matrices_5e10_v1/LpLp/ncov20
Successfully saved scov for b1=2, b2=0, cov_matrix=LpLp at matrices_5e10_v1/LpLp/scov20
