Warning! Total error for LpLe ncov p redshifts (0, 0) angular bins (0, 0) is 0.4
Warning! Total error for LpLe ncov m redshifts (0, 0) angular bins (0, 4) is 0.7
Warning! Total error for LpLe ncov p redshifts (0, 0) angular bins (1, 1) is 0.5
Warning! Total error for LpLe ncov p redshifts (0, 0) angular bins (2, 0) is 0.3
Warning! Total error for LpLe ncov m redshifts (0, 0) angular bins (2, 1) is 0.2
Warning! Total error for LpLe ncov p redshifts (0, 0) angular bins (2, 4) is 3.1
Warning! Total error for LeLe ccov pm redshifts (2, 1) angular bins (1, 4) is 0.4
Warning! Total error for LpLe ncov p redshifts (2, 2) angular bins (0, 3) is 1.1
Warning! Total error for LpLe ncov m redshifts (2, 2) angular bins (1, 2) is 0.2
Warning! Total error for LpLe ncov m redshifts (2, 2) angular bins (1, 4) is 0.3
Warning! Total error for LpLe ncov m redshifts (2, 2) angular bins (2, 3) is 0.2
Warning! Total error for LpLe ncov p redshifts (2, 2) angular bins (2, 4) is 0.2
Warning! Total error for LpLe ncov m redshifts (2, 2) angular bins (4, 0) is 1.0
Warning! Total error for LpLe ncov m redshifts (2, 3) angular bins (0, 2) is 0.2
Warning! Total error for LpLe ncov p redshifts (2, 3) angular bins (1, 3) is 0.3
Warning! Total error for LpLe ncov m redshifts (2, 3) angular bins (1, 3) is 0.6
Warning! Total error for LpLe ncov m redshifts (2, 3) angular bins (2, 3) is 0.3
Warning! Total error for LpLe ncov p redshifts (2, 4) angular bins (0, 1) is 0.2
Warning! Total error for LpLe ncov m redshifts (2, 4) angular bins (1, 2) is 0.4
Warning! Total error for LpLe ncov p redshifts (2, 4) angular bins (1, 3) is 0.2
Warning! Total error for LpLe ncov m redshifts (2, 4) angular bins (2, 3) is 2.8
Warning! Total error for LpLe scov p redshifts (2, 4) angular bins (0, 0) is 0.6
Warning! Total error for LpLe scov p redshifts (2, 4) angular bins (1, 0) is 0.6
Warning! Total error for LpLe ncov p redshifts (3, 0) angular bins (0, 1) is 0.5
Warning! Total error for LpLe ncov m redshifts (3, 0) angular bins (0, 3) is 0.2
Warning! Total error for LpLe ncov m redshifts (3, 0) angular bins (1, 3) is 1.2
Warning! Total error for LpLe ncov m redshifts (3, 0) angular bins (1, 4) is 0.2
Warning! Total error for LpLe ncov m redshifts (3, 0) angular bins (3, 4) is 0.2
Warning! Total error for LpLe ncov m redshifts (3, 0) angular bins (4, 2) is 0.2
Warning! Total error for LpLe ncov p redshifts (3, 1) angular bins (1, 3) is 0.3
Warning! Total error for LpLe ncov p redshifts (3, 1) angular bins (2, 3) is 0.3
Warning! Total error for LpLe ncov m redshifts (3, 1) angular bins (3, 1) is 0.3
Warning! Total error for LpLe ncov m redshifts (3, 1) angular bins (3, 2) is 0.2
Warning! Total error for LpLe ncov p redshifts (3, 1) angular bins (3, 3) is 0.6
Warning! Total error for LpLe ncov m redshifts (3, 2) angular bins (0, 3) is 0.5
Warning! Total error for LpLe ncov p redshifts (3, 2) angular bins (1, 2) is 0.4
Warning! Total error for LpLe ncov m redshifts (3, 2) angular bins (2, 4) is 0.8
Warning! Total error for LpLe scov p redshifts (3, 2) angular bins (0, 0) is 0.3
Warning! Total error for LpLe ncov p redshifts (3, 3) angular bins (0, 1) is 0.4
Warning! Total error for LpLe ncov m redshifts (3, 3) angular bins (2, 2) is 0.5
Warning! Total error for LpLe scov p redshifts (3, 3) angular bins (0, 0) is 0.3
Warning! Total error for LpLe scov p redshifts (3, 3) angular bins (1, 0) is 0.3
Warning! Total error for LpLe ncov m redshifts (3, 4) angular bins (0, 3) is 0.7
Warning! Total error for LpLe ncov m redshifts (3, 4) angular bins (1, 3) is 0.2
Warning! Total error for LpLe ncov m redshifts (3, 4) angular bins (2, 2) is 0.4
Warning! Total error for LpLe ncov m redshifts (3, 4) angular bins (2, 3) is 0.6
Warning! Total error for LpLe ncov p redshifts (3, 4) angular bins (3, 1) is 3.0
Warning! Total error for LpLe scov p redshifts (3, 4) angular bins (0, 0) is 1.2
Warning! Total error for LpLe ncov p redshifts (4, 0) angular bins (2, 1) is 0.3
Warning! Total error for LpLe ncov p redshifts (4, 0) angular bins (2, 3) is 0.4
Warning! Total error for LpLe ncov p redshifts (4, 0) angular bins (3, 0) is 1.0
Warning! Total error for LpLe scov p redshifts (4, 0) angular bins (0, 0) is 0.6
Warning! Total error for LpLe scov p redshifts (4, 0) angular bins (1, 0) is 0.9
Warning! Total error for LpLe scov m redshifts (4, 0) angular bins (1, 0) is 0.2
Warning! Total error for LpLe ncov p redshifts (4, 1) angular bins (0, 3) is 0.3
Warning! Total error for LpLe ncov p redshifts (4, 1) angular bins (0, 4) is 0.2
Warning! Total error for LpLe ncov m redshifts (4, 1) angular bins (1, 2) is 0.6
Warning! Total error for LpLe ncov p redshifts (4, 1) angular bins (3, 0) is 22.9
Warning! Total error for LpLe ncov p redshifts (0, 2) angular bins (0, 0) is 0.6
Warning! Total error for LpLe ncov m redshifts (0, 2) angular bins (0, 1) is 0.2
Warning! Total error for LpLe ncov m redshifts (0, 2) angular bins (0, 3) is 0.2
Warning! Total error for LpLe ncov m redshifts (0, 2) angular bins (1, 1) is 0.3
Warning! Total error for LpLe ncov p redshifts (0, 2) angular bins (3, 4) is 0.7
Warning! Total error for LpLe scov p redshifts (4, 1) angular bins (0, 0) is 0.5
Warning! Total error for LpLe ncov p redshifts (4, 2) angular bins (0, 1) is 1.9
Warning! Total error for LpLe ncov p redshifts (4, 2) angular bins (2, 0) is 0.2
Warning! Total error for LpLe ncov p redshifts (4, 2) angular bins (2, 3) is 0.3
Warning! Total error for LpLe scov p redshifts (4, 2) angular bins (0, 0) is 0.7
Warning! Total error for LpLe scov p redshifts (4, 2) angular bins (1, 0) is 0.9
Warning! Total error for LpLe ncov p redshifts (4, 3) angular bins (0, 0) is 0.3
Warning! Total error for LpLe ncov m redshifts (4, 3) angular bins (2, 1) is 0.4
Warning! Total error for LpLe ncov m redshifts (4, 3) angular bins (2, 3) is 0.2
Warning! Total error for LpLe scov p redshifts (4, 3) angular bins (0, 0) is 0.6
Warning! Total error for LpLe scov p redshifts (4, 3) angular bins (1, 0) is 0.7
Warning! Total error for LpLe ncov p redshifts (4, 4) angular bins (1, 2) is 0.3
Warning! Total error for LpLe ncov m redshifts (4, 4) angular bins (1, 4) is 0.4
Warning! Total error for LpLe ncov p redshifts (4, 4) angular bins (2, 0) is 20.7
Warning! Total error for LpLe ncov m redshifts (4, 4) angular bins (2, 0) is 1.1
Warning! Total error for LpLe ncov p redshifts (4, 4) angular bins (2, 2) is 0.3
Warning! Total error for LpLe scov p redshifts (4, 4) angular bins (0, 0) is 1.6
Warning! Total error for LLLp ncov m redshifts 0 angular bins (0, 0) is 0.7
Warning! Total error for LLLp ncov p redshifts 0 angular bins (1, 1) is 3.6
Warning! Total error for LLLp ncov p redshifts 0 angular bins (1, 2) is 0.5
Warning! Total error for LLLp ncov m redshifts 0 angular bins (1, 2) is 4.5
Warning! Total error for LLLp ncov m redshifts 0 angular bins (1, 3) is 0.2
Warning! Total error for LLLp ncov m redshifts 0 angular bins (1, 4) is 2.7
Warning! Total error for LLLp ncov p redshifts 0 angular bins (2, 1) is 0.4
Warning! Total error for LLLp ncov p redshifts 0 angular bins (2, 2) is 0.3
Warning! Total error for LLLp ncov p redshifts 1 angular bins (0, 0) is 0.4
Warning! Total error for LLLp ncov p redshifts 1 angular bins (2, 0) is 0.4
Warning! Total error for LLLp ncov m redshifts 1 angular bins (2, 1) is 0.8
Warning! Total error for LLLp ncov p redshifts 1 angular bins (2, 3) is 0.9
Warning! Total error for LLLp ncov m redshifts 1 angular bins (2, 4) is 1.5
Warning! Total error for LLLp ncov m redshifts 2 angular bins (0, 1) is 1.2
Warning! Total error for LLLp ncov p redshifts 2 angular bins (0, 3) is 5.4
Warning! Total error for LLLp ncov m redshifts 2 angular bins (2, 1) is 11.1
Warning! Total error for LLLp ncov p redshifts 3 angular bins (0, 0) is 1.4
Warning! Total error for LLLp ncov p redshifts 3 angular bins (0, 2) is 0.4
Warning! Total error for LLLp ncov m redshifts 3 angular bins (0, 4) is 0.4
Warning! Total error for LLLp ncov m redshifts 3 angular bins (2, 3) is 1.7
Warning! Total error for LLLp ncov p redshifts 4 angular bins (0, 1) is 0.6
Warning! Total error for LLLp ncov m redshifts 4 angular bins (1, 2) is 0.3
Warning! Total error for LLLL scov pp angular bins (0, 0) is 0.5
Warning! Total error for LLLL scov pp angular bins (1, 1) is 0.2
Warning! Total error for LLLL scov pp angular bins (2, 2) is 0.2
Warning! Total error for LLLL scov mm angular bins (0, 0) is 0.8
Warning! Total error for LLLL scov mm angular bins (1, 1) is 0.3
Warning! Total error for LLLL scov mm angular bins (2, 2) is 0.2
Warning! Total error for LLLL scov pm angular bins (0, 0) is 12.3
Warning! Total error for LpLe ncov m redshifts (0, 3) angular bins (0, 1) is 0.3
Warning! Total error for LpLe ncov m redshifts (0, 3) angular bins (0, 4) is 2.1
Warning! Total error for LpLe ncov m redshifts (0, 3) angular bins (1, 1) is 0.3
Warning! Total error for LpLe ncov p redshifts (0, 4) angular bins (1, 1) is 1.0
Warning! Total error for LpLe ncov p redshifts (0, 4) angular bins (1, 3) is 0.6
Warning! Total error for LpLe ncov m redshifts (0, 4) angular bins (2, 3) is 0.3
Warning! Total error for LpLe ncov m redshifts (0, 4) angular bins (3, 1) is 4.8
Warning! Total error for LpLe scov p redshifts (0, 4) angular bins (0, 0) is 0.3
Warning! Total error for LpLe scov p redshifts (0, 4) angular bins (1, 0) is 0.3
Warning! Total error for LpLe ncov m redshifts (1, 0) angular bins (1, 0) is 0.5
Warning! Total error for LpLe ncov m redshifts (1, 0) angular bins (1, 3) is 0.3
Warning! Total error for LpLe ncov p redshifts (1, 1) angular bins (0, 2) is 0.5
Warning! Total error for LpLe ncov p redshifts (1, 1) angular bins (1, 4) is 1.1
Warning! Total error for LpLe ncov p redshifts (1, 1) angular bins (2, 0) is 0.5
Warning! Total error for LpLe ncov p redshifts (1, 1) angular bins (3, 0) is 1.2
Warning! Total error for LpLe ncov m redshifts (1, 2) angular bins (0, 1) is 0.2
Warning! Total error for LpLe ncov m redshifts (1, 2) angular bins (0, 2) is 1.7
Warning! Total error for LpLe ncov p redshifts (1, 2) angular bins (1, 0) is 0.5
Warning! Total error for LpLe ncov p redshifts (1, 2) angular bins (1, 1) is 0.3
Warning! Total error for LpLe ncov p redshifts (1, 2) angular bins (1, 3) is 0.7
Warning! Total error for LpLe ncov p redshifts (1, 2) angular bins (2, 1) is 0.2
Warning! Total error for LpLe ncov m redshifts (1, 2) angular bins (2, 1) is 3.2
Warning! Total error for LpLe ncov p redshifts (1, 2) angular bins (2, 2) is 0.2
Warning! Total error for LpLe ncov p redshifts (1, 3) angular bins (0, 1) is 0.2
Warning! Total error for LpLe ncov m redshifts (1, 3) angular bins (0, 1) is 0.3
Warning! Total error for LpLe ncov p redshifts (1, 3) angular bins (0, 2) is 0.6
Warning! Total error for LpLe ncov p redshifts (1, 3) angular bins (0, 4) is 0.3
Warning! Total error for LpLe ncov p redshifts (1, 3) angular bins (1, 2) is 0.3
Warning! Total error for LpLe ncov p redshifts (1, 3) angular bins (1, 3) is 0.4
Warning! Total error for LpLe ncov m redshifts (1, 3) angular bins (1, 3) is 1.1
Warning! Total error for LpLe ncov p redshifts (1, 3) angular bins (2, 2) is 0.4
Warning! Total error for LpLe ncov m redshifts (1, 4) angular bins (0, 0) is 0.2
Warning! Total error for LpLe ncov m redshifts (1, 4) angular bins (0, 4) is 0.8
Warning! Total error for LpLe ncov p redshifts (1, 4) angular bins (2, 4) is 414.6
Warning! Total error for LpLe ncov m redshifts (1, 4) angular bins (2, 4) is 0.5
Warning! Total error for LpLe scov p redshifts (1, 4) angular bins (0, 0) is 0.4
Warning! Total error for LpLe scov p redshifts (1, 4) angular bins (1, 0) is 0.4
Warning! Total error for LeLe ccov pm redshifts (1, 4) angular bins (4, 1) is 2.8
Warning! Total error for LpLe ncov m redshifts (2, 0) angular bins (0, 1) is 0.6
Warning! Total error for LpLe ncov m redshifts (2, 0) angular bins (0, 4) is 0.4
Warning! Total error for LpLe ncov p redshifts (2, 0) angular bins (1, 3) is 0.3
Warning! Total error for LpLe ncov m redshifts (2, 1) angular bins (0, 1) is 2.2
Warning! Total error for LpLe ncov p redshifts (2, 1) angular bins (0, 4) is 3.3
Warning! Total error for LpLe ncov p redshifts (2, 1) angular bins (2, 0) is 0.4
Warning! Total error for LpLe ncov p redshifts (2, 1) angular bins (2, 1) is 1.2
Warning! Total error for LpLe ncov m redshifts (2, 1) angular bins (2, 2) is 0.3
Warning! Total error for LpLe ncov p redshifts (2, 1) angular bins (2, 3) is 1.5
Warning! Total error for LpLe ncov m redshifts (0, 1) angular bins (0, 0) is 0.2
Warning! Total error for LpLe ncov m redshifts (0, 1) angular bins (0, 2) is 0.2
Warning! Total error for LpLe ncov p redshifts (0, 1) angular bins (0, 4) is 43.2
Warning! Total error for LpLe ncov m redshifts (0, 1) angular bins (1, 1) is 1.5
Warning! Total error for LpLe ncov m redshifts (0, 1) angular bins (1, 2) is 2.8
Warning! Total error for LpLe ncov p redshifts (0, 1) angular bins (1, 3) is 0.7
Warning! Total error for LpLe ncov m redshifts (0, 1) angular bins (2, 0) is 3.4
Warning! Total error for LpLe ncov p redshifts (0, 1) angular bins (2, 1) is 0.4
Warning! Total error for LpLe ncov m redshifts (0, 1) angular bins (2, 3) is 0.4
