Job 140 | Task: 0 5 LPLP ncov | Runtime: 0 min (56 sec)
Job 155 | Task: 5 5 LPLP ncov | Runtime: 1 min (74 sec)
Job 154 | Task: 4 5 LPLP ncov | Runtime: 1 min (78 sec)
Job 149 | Task: 2 5 LPLP ncov | Runtime: 1 min (81 sec)
Job 152 | Task: 3 5 LPLP ncov | Runtime: 1 min (81 sec)
Job 145 | Task: 1 5 LPLP ncov | Runtime: 1 min (81 sec)
Job 93 | Task: 0 0 LELE ncov | Runtime: 1 min (92 sec)
Job 138 | Task: 0 3 LPLP ncov | Runtime: 1 min (92 sec)
Job 139 | Task: 0 4 LPLP ncov | Runtime: 1 min (103 sec)
Job 137 | Task: 0 2 LPLP ncov | Runtime: 1 min (104 sec)
Job 136 | Task: 0 1 LPLP ncov | Runtime: 1 min (105 sec)
Job 94 | Task: 0 1 LELE ncov | Runtime: 1 min (116 sec)
Job 142 | Task: 1 2 LPLP ncov | Runtime: 2 min (121 sec)
Job 147 | Task: 2 3 LPLP ncov | Runtime: 2 min (125 sec)
Job 148 | Task: 2 4 LPLP ncov | Runtime: 2 min (125 sec)
Job 144 | Task: 1 4 LPLP ncov | Runtime: 2 min (127 sec)
Job 167 | Task: 5 LLLP ncov | Runtime: 2 min (127 sec)
Job 151 | Task: 3 4 LPLP ncov | Runtime: 2 min (128 sec)
Job 143 | Task: 1 3 LPLP ncov | Runtime: 2 min (128 sec)
Job 134 | Task: 5 5 LPLP ccov | Runtime: 2 min (143 sec)
Job 37 | Task: 0 1 LELP ncov | Runtime: 2 min (172 sec)
Job 135 | Task: 0 0 LPLP ncov | Runtime: 3 min (182 sec)
Job 95 | Task: 0 2 LELE ncov | Runtime: 3 min (190 sec)
Job 169 | Task: 0 LLLE ncov | Runtime: 3 min (204 sec)
Job 38 | Task: 0 2 LELP ncov | Runtime: 3 min (212 sec)
Job 150 | Task: 3 3 LPLP ncov | Runtime: 3 min (221 sec)
Job 141 | Task: 1 1 LPLP ncov | Runtime: 3 min (221 sec)
Job 153 | Task: 4 4 LPLP ncov | Runtime: 3 min (224 sec)
Job 41 | Task: 0 5 LELP ncov | Runtime: 3 min (228 sec)
Job 146 | Task: 2 2 LPLP ncov | Runtime: 3 min (226 sec)
Job 36 | Task: 0 0 LELP ncov | Runtime: 3 min (229 sec)
Job 53 | Task: 2 5 LELP ncov | Runtime: 3 min (228 sec)
Job 39 | Task: 0 3 LELP ncov | Runtime: 3 min (233 sec)
Job 59 | Task: 3 5 LELP ncov | Runtime: 3 min (232 sec)
Job 47 | Task: 1 5 LELP ncov | Runtime: 3 min (235 sec)
Job 40 | Task: 0 4 LELP ncov | Runtime: 3 min (239 sec)
Job 42 | Task: 1 0 LELP ncov | Runtime: 4 min (242 sec)
Job 44 | Task: 1 2 LELP ncov | Runtime: 4 min (249 sec)
Job 46 | Task: 1 4 LELP ncov | Runtime: 4 min (255 sec)
Job 43 | Task: 1 1 LELP ncov | Runtime: 4 min (256 sec)
Job 71 | Task: 5 5 LELP ncov | Runtime: 4 min (264 sec)
Job 96 | Task: 0 3 LELE ncov | Runtime: 4 min (266 sec)
Job 65 | Task: 4 5 LELP ncov | Runtime: 4 min (267 sec)
Job 45 | Task: 1 3 LELP ncov | Runtime: 4 min (268 sec)
Job 97 | Task: 0 4 LELE ncov | Runtime: 4 min (272 sec)
Job 157 | Task: 0 LLLP ncov | Runtime: 5 min (300 sec)
Job 5 | Task: 0 5 LELP ccov | Runtime: 5 min (311 sec)
Job 98 | Task: 0 5 LELE ncov | Runtime: 5 min (314 sec)
Job 163 | Task: 3 LLLP ncov | Runtime: 5 min (317 sec)
Job 165 | Task: 4 LLLP ncov | Runtime: 5 min (321 sec)
Job 159 | Task: 1 LLLP ncov | Runtime: 5 min (322 sec)
Job 161 | Task: 2 LLLP ncov | Runtime: 5 min (327 sec)
Job 48 | Task: 2 0 LELP ncov | Runtime: 5 min (333 sec)
Job 52 | Task: 2 4 LELP ncov | Runtime: 5 min (339 sec)
Job 49 | Task: 2 1 LELP ncov | Runtime: 5 min (344 sec)
Job 50 | Task: 2 2 LELP ncov | Runtime: 5 min (353 sec)
Job 66 | Task: 5 0 LELP ncov | Runtime: 5 min (355 sec)
Job 69 | Task: 5 3 LELP ncov | Runtime: 6 min (365 sec)
Job 51 | Task: 2 3 LELP ncov | Runtime: 6 min (370 sec)
Job 55 | Task: 3 1 LELP ncov | Runtime: 6 min (378 sec)
Job 70 | Task: 5 4 LELP ncov | Runtime: 6 min (382 sec)
Job 54 | Task: 3 0 LELP ncov | Runtime: 6 min (382 sec)
Job 60 | Task: 4 0 LELP ncov | Runtime: 6 min (392 sec)
Job 61 | Task: 4 1 LELP ncov | Runtime: 6 min (394 sec)
Job 68 | Task: 5 2 LELP ncov | Runtime: 6 min (396 sec)
Job 56 | Task: 3 2 LELP ncov | Runtime: 6 min (398 sec)
Job 64 | Task: 4 4 LELP ncov | Runtime: 6 min (401 sec)
Job 67 | Task: 5 1 LELP ncov | Runtime: 6 min (401 sec)
Job 63 | Task: 4 3 LELP ncov | Runtime: 6 min (402 sec)
Job 62 | Task: 4 2 LELP ncov | Runtime: 6 min (402 sec)
Job 58 | Task: 3 4 LELP ncov | Runtime: 6 min (403 sec)
Job 57 | Task: 3 3 LELP ncov | Runtime: 6 min (406 sec)
Job 72 | Task: 0 0 LELE ccov | Runtime: 7 min (437 sec)
Job 119 | Task: 0 5 LPLP ccov | Runtime: 7 min (439 sec)
Job 131 | Task: 3 5 LPLP ccov | Runtime: 7 min (456 sec)
Job 128 | Task: 2 5 LPLP ccov | Runtime: 7 min (457 sec)
Job 133 | Task: 4 5 LPLP ccov | Runtime: 7 min (459 sec)
Job 124 | Task: 1 5 LPLP ccov | Runtime: 7 min (473 sec)
Job 99 | Task: 1 1 LELE ncov | Runtime: 9 min (562 sec)
Job 171 | Task: 1 LLLE ncov | Runtime: 10 min (642 sec)
Job 0 | Task: 0 0 LELP ccov | Runtime: 11 min (695 sec)
Job 100 | Task: 1 2 LELE ncov | Runtime: 12 min (734 sec)
Job 2 | Task: 0 2 LELP ccov | Runtime: 12 min (740 sec)
Job 4 | Task: 0 4 LELP ccov | Runtime: 12 min (742 sec)
Job 11 | Task: 1 5 LELP ccov | Runtime: 12 min (764 sec)
Job 102 | Task: 1 4 LELE ncov | Runtime: 13 min (781 sec)
Job 3 | Task: 0 3 LELP ccov | Runtime: 13 min (798 sec)
Job 1 | Task: 0 1 LELP ccov | Runtime: 15 min (907 sec)
Job 103 | Task: 1 5 LELE ncov | Runtime: 16 min (968 sec)
Job 101 | Task: 1 3 LELE ncov | Runtime: 16 min (1001 sec)
Job 73 | Task: 0 1 LELE ccov | Runtime: 18 min (1099 sec)
Job 166 | Task: 5 LLLP ccov | Runtime: 19 min (1188 sec)
Job 17 | Task: 2 5 LELP ccov | Runtime: 22 min (1372 sec)
Job 173 | Task: 2 LLLE ncov | Runtime: 24 min (1457 sec)
Job 181 | Task: LLLL ncov | Runtime: 24 min (1465 sec)
Job 114 | Task: 0 0 LPLP ccov | Runtime: 26 min (1570 sec)
Job 23 | Task: 3 5 LELP ccov | Runtime: 26 min (1599 sec)
Job 179 | Task: 5 LLLE ncov | Runtime: 27 min (1643 sec)
Job 117 | Task: 0 3 LPLP ccov | Runtime: 28 min (1693 sec)
Job 116 | Task: 0 2 LPLP ccov | Runtime: 28 min (1695 sec)
Job 115 | Task: 0 1 LPLP ccov | Runtime: 28 min (1704 sec)
Job 177 | Task: 4 LLLE ncov | Runtime: 28 min (1708 sec)
Job 175 | Task: 3 LLLE ncov | Runtime: 28 min (1711 sec)
Job 118 | Task: 0 4 LPLP ccov | Runtime: 28 min (1717 sec)
Job 129 | Task: 3 3 LPLP ccov | Runtime: 30 min (1814 sec)
Job 132 | Task: 4 4 LPLP ccov | Runtime: 30 min (1816 sec)
Job 130 | Task: 3 4 LPLP ccov | Runtime: 30 min (1816 sec)
Job 120 | Task: 1 1 LPLP ccov | Runtime: 30 min (1824 sec)
Job 127 | Task: 2 4 LPLP ccov | Runtime: 30 min (1824 sec)
Job 121 | Task: 1 2 LPLP ccov | Runtime: 30 min (1830 sec)
Job 126 | Task: 2 3 LPLP ccov | Runtime: 30 min (1831 sec)
Job 107 | Task: 2 5 LELE ncov | Runtime: 30 min (1832 sec)
Job 123 | Task: 1 4 LPLP ccov | Runtime: 30 min (1833 sec)
Job 125 | Task: 2 2 LPLP ccov | Runtime: 30 min (1833 sec)
Job 122 | Task: 1 3 LPLP ccov | Runtime: 30 min (1836 sec)
Job 106 | Task: 2 4 LELE ncov | Runtime: 31 min (1882 sec)
Job 112 | Task: 4 5 LELE ncov | Runtime: 31 min (1889 sec)
Job 29 | Task: 4 5 LELP ccov | Runtime: 31 min (1911 sec)
Job 105 | Task: 2 3 LELE ncov | Runtime: 31 min (1911 sec)
Job 35 | Task: 5 5 LELP ccov | Runtime: 32 min (1920 sec)
Job 168 | Task: 0 LLLE ccov | Runtime: 32 min (1957 sec)
